<<<<<<< Updated upstream
[2018-12-01 19:02:08,945] TRACE [Controller id=0] Checking need to trigger auto leader balancing (kafka.controller.KafkaController)
[2018-12-01 19:02:08,947] DEBUG [Controller id=0] Preferred replicas by broker Map(0 -> Map(post_lyp-0 -> Vector(0), post_book-0 -> Vector(0), post_sendmessage-0 -> Vector(0), get_inbox-0 -> Vector(0), get_profile-0 -> Vector(0), get_home-0 -> Vector(0), post_buyproperty-0 -> Vector(0), post_signup-0 -> Vector(0), get_searchresults-0 -> Vector(0), get_dashboard-0 -> Vector(0), get_propertydetails-0 -> Vector(0), post_ownerlogin-0 -> Vector(0), post_login-0 -> Vector(0), get_transaction_history-0 -> Vector(0), get_propertyphotos-0 -> Vector(0), post_profile-0 -> Vector(0), response_topic-0 -> Vector(0), post_bookproperty-0 -> Vector(0))) (kafka.controller.KafkaController)
[2018-12-01 19:02:08,947] DEBUG [Controller id=0] Topics not in preferred replica for broker 0 Map() (kafka.controller.KafkaController)
[2018-12-01 19:02:08,947] TRACE [Controller id=0] Leader imbalance ratio for broker 0 is 0.0 (kafka.controller.KafkaController)
[2018-12-01 19:07:08,947] TRACE [Controller id=0] Checking need to trigger auto leader balancing (kafka.controller.KafkaController)
[2018-12-01 19:07:08,948] DEBUG [Controller id=0] Preferred replicas by broker Map(0 -> Map(post_lyp-0 -> Vector(0), post_book-0 -> Vector(0), post_sendmessage-0 -> Vector(0), get_inbox-0 -> Vector(0), get_profile-0 -> Vector(0), get_home-0 -> Vector(0), post_buyproperty-0 -> Vector(0), post_signup-0 -> Vector(0), get_searchresults-0 -> Vector(0), get_dashboard-0 -> Vector(0), get_propertydetails-0 -> Vector(0), post_ownerlogin-0 -> Vector(0), post_login-0 -> Vector(0), get_transaction_history-0 -> Vector(0), get_propertyphotos-0 -> Vector(0), post_profile-0 -> Vector(0), response_topic-0 -> Vector(0), post_bookproperty-0 -> Vector(0))) (kafka.controller.KafkaController)
[2018-12-01 19:07:08,948] DEBUG [Controller id=0] Topics not in preferred replica for broker 0 Map() (kafka.controller.KafkaController)
[2018-12-01 19:07:08,948] TRACE [Controller id=0] Leader imbalance ratio for broker 0 is 0.0 (kafka.controller.KafkaController)
[2018-12-01 19:12:08,949] TRACE [Controller id=0] Checking need to trigger auto leader balancing (kafka.controller.KafkaController)
[2018-12-01 19:12:08,949] DEBUG [Controller id=0] Preferred replicas by broker Map(0 -> Map(post_lyp-0 -> Vector(0), post_book-0 -> Vector(0), post_sendmessage-0 -> Vector(0), get_inbox-0 -> Vector(0), get_profile-0 -> Vector(0), get_home-0 -> Vector(0), post_buyproperty-0 -> Vector(0), post_signup-0 -> Vector(0), get_searchresults-0 -> Vector(0), get_dashboard-0 -> Vector(0), get_propertydetails-0 -> Vector(0), post_ownerlogin-0 -> Vector(0), post_login-0 -> Vector(0), get_transaction_history-0 -> Vector(0), get_propertyphotos-0 -> Vector(0), post_profile-0 -> Vector(0), response_topic-0 -> Vector(0), post_bookproperty-0 -> Vector(0))) (kafka.controller.KafkaController)
[2018-12-01 19:12:08,949] DEBUG [Controller id=0] Topics not in preferred replica for broker 0 Map() (kafka.controller.KafkaController)
[2018-12-01 19:12:08,949] TRACE [Controller id=0] Leader imbalance ratio for broker 0 is 0.0 (kafka.controller.KafkaController)
[2018-12-01 19:17:08,950] TRACE [Controller id=0] Checking need to trigger auto leader balancing (kafka.controller.KafkaController)
[2018-12-01 19:17:08,951] DEBUG [Controller id=0] Preferred replicas by broker Map(0 -> Map(post_lyp-0 -> Vector(0), post_book-0 -> Vector(0), post_sendmessage-0 -> Vector(0), get_inbox-0 -> Vector(0), get_profile-0 -> Vector(0), get_home-0 -> Vector(0), post_buyproperty-0 -> Vector(0), post_signup-0 -> Vector(0), get_searchresults-0 -> Vector(0), get_dashboard-0 -> Vector(0), get_propertydetails-0 -> Vector(0), post_ownerlogin-0 -> Vector(0), post_login-0 -> Vector(0), get_transaction_history-0 -> Vector(0), get_propertyphotos-0 -> Vector(0), post_profile-0 -> Vector(0), response_topic-0 -> Vector(0), post_bookproperty-0 -> Vector(0))) (kafka.controller.KafkaController)
[2018-12-01 19:17:08,951] DEBUG [Controller id=0] Topics not in preferred replica for broker 0 Map() (kafka.controller.KafkaController)
[2018-12-01 19:17:08,951] TRACE [Controller id=0] Leader imbalance ratio for broker 0 is 0.0 (kafka.controller.KafkaController)
[2018-12-01 19:22:08,951] TRACE [Controller id=0] Checking need to trigger auto leader balancing (kafka.controller.KafkaController)
[2018-12-01 19:22:08,952] DEBUG [Controller id=0] Preferred replicas by broker Map(0 -> Map(post_lyp-0 -> Vector(0), post_book-0 -> Vector(0), post_sendmessage-0 -> Vector(0), get_inbox-0 -> Vector(0), get_profile-0 -> Vector(0), get_home-0 -> Vector(0), post_buyproperty-0 -> Vector(0), post_signup-0 -> Vector(0), get_searchresults-0 -> Vector(0), get_dashboard-0 -> Vector(0), get_propertydetails-0 -> Vector(0), post_ownerlogin-0 -> Vector(0), post_login-0 -> Vector(0), get_transaction_history-0 -> Vector(0), get_propertyphotos-0 -> Vector(0), post_profile-0 -> Vector(0), response_topic-0 -> Vector(0), post_bookproperty-0 -> Vector(0))) (kafka.controller.KafkaController)
[2018-12-01 19:22:08,952] DEBUG [Controller id=0] Topics not in preferred replica for broker 0 Map() (kafka.controller.KafkaController)
[2018-12-01 19:22:08,952] TRACE [Controller id=0] Leader imbalance ratio for broker 0 is 0.0 (kafka.controller.KafkaController)
[2018-12-01 19:27:08,953] TRACE [Controller id=0] Checking need to trigger auto leader balancing (kafka.controller.KafkaController)
[2018-12-01 19:27:08,954] DEBUG [Controller id=0] Preferred replicas by broker Map(0 -> Map(post_lyp-0 -> Vector(0), post_book-0 -> Vector(0), post_sendmessage-0 -> Vector(0), get_inbox-0 -> Vector(0), get_profile-0 -> Vector(0), get_home-0 -> Vector(0), post_buyproperty-0 -> Vector(0), post_signup-0 -> Vector(0), get_searchresults-0 -> Vector(0), get_dashboard-0 -> Vector(0), get_propertydetails-0 -> Vector(0), post_ownerlogin-0 -> Vector(0), post_login-0 -> Vector(0), get_transaction_history-0 -> Vector(0), get_propertyphotos-0 -> Vector(0), post_profile-0 -> Vector(0), response_topic-0 -> Vector(0), post_bookproperty-0 -> Vector(0))) (kafka.controller.KafkaController)
[2018-12-01 19:27:08,954] DEBUG [Controller id=0] Topics not in preferred replica for broker 0 Map() (kafka.controller.KafkaController)
[2018-12-01 19:27:08,955] TRACE [Controller id=0] Leader imbalance ratio for broker 0 is 0.0 (kafka.controller.KafkaController)
[2018-12-01 19:32:08,955] TRACE [Controller id=0] Checking need to trigger auto leader balancing (kafka.controller.KafkaController)
[2018-12-01 19:32:08,955] DEBUG [Controller id=0] Preferred replicas by broker Map(0 -> Map(post_lyp-0 -> Vector(0), post_book-0 -> Vector(0), post_sendmessage-0 -> Vector(0), get_inbox-0 -> Vector(0), get_profile-0 -> Vector(0), get_home-0 -> Vector(0), post_buyproperty-0 -> Vector(0), post_signup-0 -> Vector(0), get_searchresults-0 -> Vector(0), get_dashboard-0 -> Vector(0), get_propertydetails-0 -> Vector(0), post_ownerlogin-0 -> Vector(0), post_login-0 -> Vector(0), get_transaction_history-0 -> Vector(0), get_propertyphotos-0 -> Vector(0), post_profile-0 -> Vector(0), response_topic-0 -> Vector(0), post_bookproperty-0 -> Vector(0))) (kafka.controller.KafkaController)
[2018-12-01 19:32:08,956] DEBUG [Controller id=0] Topics not in preferred replica for broker 0 Map() (kafka.controller.KafkaController)
[2018-12-01 19:32:08,956] TRACE [Controller id=0] Leader imbalance ratio for broker 0 is 0.0 (kafka.controller.KafkaController)
=======
[2018-11-29 13:02:20,399] TRACE [Controller id=0] Checking need to trigger auto leader balancing (kafka.controller.KafkaController)
[2018-11-29 13:02:20,401] DEBUG [Controller id=0] Preferred replicas by broker Map(0 -> Map(post_lyp-0 -> Vector(0), post_book-0 -> Vector(0), get_inbox-0 -> Vector(0), post_sendmessage-0 -> Vector(0), get_profile-0 -> Vector(0), get_home-0 -> Vector(0), post_signup-0 -> Vector(0), post_buyproperty-0 -> Vector(0), get_searchresults-0 -> Vector(0), get_dashboard-0 -> Vector(0), get_propertydetails-0 -> Vector(0), post_ownerlogin-0 -> Vector(0), post_login-0 -> Vector(0), get_transaction_history-0 -> Vector(0), get_propertyphotos-0 -> Vector(0), response_topic-0 -> Vector(0), post_profile-0 -> Vector(0), post_bookproperty-0 -> Vector(0))) (kafka.controller.KafkaController)
[2018-11-29 13:02:20,401] DEBUG [Controller id=0] Topics not in preferred replica for broker 0 Map() (kafka.controller.KafkaController)
[2018-11-29 13:02:20,401] TRACE [Controller id=0] Leader imbalance ratio for broker 0 is 0.0 (kafka.controller.KafkaController)
[2018-11-29 13:07:20,393] TRACE [Controller id=0] Checking need to trigger auto leader balancing (kafka.controller.KafkaController)
[2018-11-29 13:07:20,396] DEBUG [Controller id=0] Preferred replicas by broker Map(0 -> Map(post_lyp-0 -> Vector(0), post_book-0 -> Vector(0), get_inbox-0 -> Vector(0), post_sendmessage-0 -> Vector(0), get_profile-0 -> Vector(0), get_home-0 -> Vector(0), post_signup-0 -> Vector(0), post_buyproperty-0 -> Vector(0), get_searchresults-0 -> Vector(0), get_dashboard-0 -> Vector(0), get_propertydetails-0 -> Vector(0), post_ownerlogin-0 -> Vector(0), post_login-0 -> Vector(0), get_transaction_history-0 -> Vector(0), get_propertyphotos-0 -> Vector(0), response_topic-0 -> Vector(0), post_profile-0 -> Vector(0), post_bookproperty-0 -> Vector(0))) (kafka.controller.KafkaController)
[2018-11-29 13:07:20,396] DEBUG [Controller id=0] Topics not in preferred replica for broker 0 Map() (kafka.controller.KafkaController)
[2018-11-29 13:07:20,396] TRACE [Controller id=0] Leader imbalance ratio for broker 0 is 0.0 (kafka.controller.KafkaController)
[2018-11-29 13:12:20,392] TRACE [Controller id=0] Checking need to trigger auto leader balancing (kafka.controller.KafkaController)
[2018-11-29 13:12:20,394] DEBUG [Controller id=0] Preferred replicas by broker Map(0 -> Map(post_lyp-0 -> Vector(0), post_book-0 -> Vector(0), get_inbox-0 -> Vector(0), post_sendmessage-0 -> Vector(0), get_profile-0 -> Vector(0), get_home-0 -> Vector(0), post_signup-0 -> Vector(0), post_buyproperty-0 -> Vector(0), get_searchresults-0 -> Vector(0), get_dashboard-0 -> Vector(0), get_propertydetails-0 -> Vector(0), post_ownerlogin-0 -> Vector(0), post_login-0 -> Vector(0), get_transaction_history-0 -> Vector(0), get_propertyphotos-0 -> Vector(0), response_topic-0 -> Vector(0), post_profile-0 -> Vector(0), post_bookproperty-0 -> Vector(0))) (kafka.controller.KafkaController)
[2018-11-29 13:12:20,394] DEBUG [Controller id=0] Topics not in preferred replica for broker 0 Map() (kafka.controller.KafkaController)
[2018-11-29 13:12:20,394] TRACE [Controller id=0] Leader imbalance ratio for broker 0 is 0.0 (kafka.controller.KafkaController)
[2018-11-29 13:17:16,040] DEBUG [Controller id=0] Resigning (kafka.controller.KafkaController)
[2018-11-29 13:17:16,041] DEBUG [Controller id=0] Unregister BrokerModifications handler for Set(0) (kafka.controller.KafkaController)
[2018-11-29 13:17:16,044] INFO [PartitionStateMachine controllerId=0] Stopped partition state machine (kafka.controller.PartitionStateMachine)
[2018-11-29 13:17:16,045] INFO [ReplicaStateMachine controllerId=0] Stopped replica state machine (kafka.controller.ReplicaStateMachine)
[2018-11-29 13:17:16,045] INFO [RequestSendThread controllerId=0] Shutting down (kafka.controller.RequestSendThread)
[2018-11-29 13:17:16,046] INFO [RequestSendThread controllerId=0] Stopped (kafka.controller.RequestSendThread)
[2018-11-29 13:17:16,046] INFO [RequestSendThread controllerId=0] Shutdown completed (kafka.controller.RequestSendThread)
[2018-11-29 13:17:16,049] INFO [Controller id=0] Resigned (kafka.controller.KafkaController)
[2018-11-29 13:17:16,055] INFO [Controller id=0] 0 successfully elected as the controller (kafka.controller.KafkaController)
[2018-11-29 13:17:16,055] INFO [Controller id=0] Reading controller epoch from ZooKeeper (kafka.controller.KafkaController)
[2018-11-29 13:17:16,055] INFO [Controller id=0] Initialized controller epoch to 6 and zk version 5 (kafka.controller.KafkaController)
[2018-11-29 13:17:16,055] INFO [Controller id=0] Incrementing controller epoch in ZooKeeper (kafka.controller.KafkaController)
[2018-11-29 13:17:16,056] INFO [Controller id=0] Epoch incremented to 7 (kafka.controller.KafkaController)
[2018-11-29 13:17:16,056] INFO [Controller id=0] Registering handlers (kafka.controller.KafkaController)
[2018-11-29 13:17:16,057] INFO [Controller id=0] Deleting log dir event notifications (kafka.controller.KafkaController)
[2018-11-29 13:17:16,057] INFO [Controller id=0] Deleting isr change notifications (kafka.controller.KafkaController)
[2018-11-29 13:17:16,057] INFO [Controller id=0] Initializing controller context (kafka.controller.KafkaController)
[2018-11-29 13:17:16,070] DEBUG [Controller id=0] Register BrokerModifications handler for Set(0) (kafka.controller.KafkaController)
[2018-11-29 13:17:16,076] DEBUG [Channel manager on controller 0]: Controller 0 trying to connect to broker 0 (kafka.controller.ControllerChannelManager)
[2018-11-29 13:17:16,079] INFO [RequestSendThread controllerId=0] Starting (kafka.controller.RequestSendThread)
[2018-11-29 13:17:16,079] INFO [Controller id=0] Partitions being reassigned: Map() (kafka.controller.KafkaController)
[2018-11-29 13:17:16,080] INFO [Controller id=0] Currently active brokers in the cluster: Set(0) (kafka.controller.KafkaController)
[2018-11-29 13:17:16,080] INFO [Controller id=0] Currently shutting brokers in the cluster: Set() (kafka.controller.KafkaController)
[2018-11-29 13:17:16,080] INFO [Controller id=0] Current list of topics in the cluster: Set(post_signup, get_inbox, get_propertyphotos, get_transaction_history, get_dashboard, post_login, post_sendmessage, response_topic, get_home, post_book, get_propertydetails, post_buyproperty, get_searchresults, post_profile, post_ownerlogin, post_bookproperty, get_profile, post_lyp) (kafka.controller.KafkaController)
[2018-11-29 13:17:16,080] INFO [Controller id=0] Fetching topic deletions in progress (kafka.controller.KafkaController)
[2018-11-29 13:17:16,081] INFO [Controller id=0] List of topics to be deleted:  (kafka.controller.KafkaController)
[2018-11-29 13:17:16,081] INFO [Controller id=0] List of topics ineligible for deletion:  (kafka.controller.KafkaController)
[2018-11-29 13:17:16,081] INFO [Controller id=0] Initializing topic deletion manager (kafka.controller.KafkaController)
[2018-11-29 13:17:16,081] INFO [Controller id=0] Sending update metadata request (kafka.controller.KafkaController)
[2018-11-29 13:17:16,083] INFO [ReplicaStateMachine controllerId=0] Initializing replica state (kafka.controller.ReplicaStateMachine)
[2018-11-29 13:17:16,083] INFO [ReplicaStateMachine controllerId=0] Triggering online replica state changes (kafka.controller.ReplicaStateMachine)
[2018-11-29 13:17:16,084] INFO [RequestSendThread controllerId=0] Controller 0 connected to 10.0.0.8:9092 (id: 0 rack: null) for sending state change requests (kafka.controller.RequestSendThread)
[2018-11-29 13:17:16,088] INFO [ReplicaStateMachine controllerId=0] Started replica state machine with initial state -> Map([Topic=get_dashboard,Partition=0,Replica=0] -> OnlineReplica, [Topic=get_propertydetails,Partition=0,Replica=0] -> OnlineReplica, [Topic=get_inbox,Partition=0,Replica=0] -> OnlineReplica, [Topic=get_searchresults,Partition=0,Replica=0] -> OnlineReplica, [Topic=post_sendmessage,Partition=0,Replica=0] -> OnlineReplica, [Topic=post_bookproperty,Partition=0,Replica=0] -> OnlineReplica, [Topic=get_propertyphotos,Partition=0,Replica=0] -> OnlineReplica, [Topic=post_buyproperty,Partition=0,Replica=0] -> OnlineReplica, [Topic=post_lyp,Partition=0,Replica=0] -> OnlineReplica, [Topic=response_topic,Partition=0,Replica=0] -> OnlineReplica, [Topic=post_login,Partition=0,Replica=0] -> OnlineReplica, [Topic=post_profile,Partition=0,Replica=0] -> OnlineReplica, [Topic=post_ownerlogin,Partition=0,Replica=0] -> OnlineReplica, [Topic=get_profile,Partition=0,Replica=0] -> OnlineReplica, [Topic=post_book,Partition=0,Replica=0] -> OnlineReplica, [Topic=get_transaction_history,Partition=0,Replica=0] -> OnlineReplica, [Topic=get_home,Partition=0,Replica=0] -> OnlineReplica, [Topic=post_signup,Partition=0,Replica=0] -> OnlineReplica) (kafka.controller.ReplicaStateMachine)
[2018-11-29 13:17:16,088] INFO [PartitionStateMachine controllerId=0] Initializing partition state (kafka.controller.PartitionStateMachine)
[2018-11-29 13:17:16,088] INFO [PartitionStateMachine controllerId=0] Triggering online partition state changes (kafka.controller.PartitionStateMachine)
[2018-11-29 13:17:16,089] INFO [PartitionStateMachine controllerId=0] Started partition state machine with initial state -> Map(post_lyp-0 -> OnlinePartition, post_book-0 -> OnlinePartition, post_sendmessage-0 -> OnlinePartition, get_inbox-0 -> OnlinePartition, get_profile-0 -> OnlinePartition, get_home-0 -> OnlinePartition, post_buyproperty-0 -> OnlinePartition, post_signup-0 -> OnlinePartition, get_searchresults-0 -> OnlinePartition, get_dashboard-0 -> OnlinePartition, get_propertydetails-0 -> OnlinePartition, post_ownerlogin-0 -> OnlinePartition, post_login-0 -> OnlinePartition, get_transaction_history-0 -> OnlinePartition, get_propertyphotos-0 -> OnlinePartition, response_topic-0 -> OnlinePartition, post_profile-0 -> OnlinePartition, post_bookproperty-0 -> OnlinePartition) (kafka.controller.PartitionStateMachine)
[2018-11-29 13:17:16,089] INFO [Controller id=0] Ready to serve as the new controller with epoch 7 (kafka.controller.KafkaController)
[2018-11-29 13:17:16,089] INFO [Controller id=0] Partitions undergoing preferred replica election:  (kafka.controller.KafkaController)
[2018-11-29 13:17:16,090] INFO [Controller id=0] Partitions that completed preferred replica election:  (kafka.controller.KafkaController)
[2018-11-29 13:17:16,090] INFO [Controller id=0] Skipping preferred replica election for partitions due to topic deletion:  (kafka.controller.KafkaController)
[2018-11-29 13:17:16,090] INFO [Controller id=0] Resuming preferred replica election for partitions:  (kafka.controller.KafkaController)
[2018-11-29 13:17:16,090] INFO [Controller id=0] Starting preferred replica leader election for partitions  (kafka.controller.KafkaController)
[2018-11-29 13:17:16,091] INFO [Controller id=0] Starting the controller scheduler (kafka.controller.KafkaController)
[2018-11-29 13:17:21,102] TRACE [Controller id=0] Checking need to trigger auto leader balancing (kafka.controller.KafkaController)
[2018-11-29 13:17:21,102] DEBUG [Controller id=0] Preferred replicas by broker Map(0 -> Map(post_lyp-0 -> Vector(0), post_book-0 -> Vector(0), get_inbox-0 -> Vector(0), post_sendmessage-0 -> Vector(0), get_profile-0 -> Vector(0), get_home-0 -> Vector(0), post_signup-0 -> Vector(0), post_buyproperty-0 -> Vector(0), get_searchresults-0 -> Vector(0), get_dashboard-0 -> Vector(0), get_propertydetails-0 -> Vector(0), post_ownerlogin-0 -> Vector(0), post_login-0 -> Vector(0), get_transaction_history-0 -> Vector(0), get_propertyphotos-0 -> Vector(0), response_topic-0 -> Vector(0), post_profile-0 -> Vector(0), post_bookproperty-0 -> Vector(0))) (kafka.controller.KafkaController)
[2018-11-29 13:17:21,102] DEBUG [Controller id=0] Topics not in preferred replica for broker 0 Map() (kafka.controller.KafkaController)
[2018-11-29 13:17:21,102] TRACE [Controller id=0] Leader imbalance ratio for broker 0 is 0.0 (kafka.controller.KafkaController)
[2018-11-29 13:22:21,096] TRACE [Controller id=0] Checking need to trigger auto leader balancing (kafka.controller.KafkaController)
[2018-11-29 13:22:21,098] DEBUG [Controller id=0] Preferred replicas by broker Map(0 -> Map(post_lyp-0 -> Vector(0), post_book-0 -> Vector(0), get_inbox-0 -> Vector(0), post_sendmessage-0 -> Vector(0), get_profile-0 -> Vector(0), get_home-0 -> Vector(0), post_signup-0 -> Vector(0), post_buyproperty-0 -> Vector(0), get_searchresults-0 -> Vector(0), get_dashboard-0 -> Vector(0), get_propertydetails-0 -> Vector(0), post_ownerlogin-0 -> Vector(0), post_login-0 -> Vector(0), get_transaction_history-0 -> Vector(0), get_propertyphotos-0 -> Vector(0), response_topic-0 -> Vector(0), post_profile-0 -> Vector(0), post_bookproperty-0 -> Vector(0))) (kafka.controller.KafkaController)
[2018-11-29 13:22:21,098] DEBUG [Controller id=0] Topics not in preferred replica for broker 0 Map() (kafka.controller.KafkaController)
[2018-11-29 13:22:21,098] TRACE [Controller id=0] Leader imbalance ratio for broker 0 is 0.0 (kafka.controller.KafkaController)
[2018-11-29 13:27:21,090] TRACE [Controller id=0] Checking need to trigger auto leader balancing (kafka.controller.KafkaController)
[2018-11-29 13:27:21,093] DEBUG [Controller id=0] Preferred replicas by broker Map(0 -> Map(post_lyp-0 -> Vector(0), post_book-0 -> Vector(0), get_inbox-0 -> Vector(0), post_sendmessage-0 -> Vector(0), get_profile-0 -> Vector(0), get_home-0 -> Vector(0), post_signup-0 -> Vector(0), post_buyproperty-0 -> Vector(0), get_searchresults-0 -> Vector(0), get_dashboard-0 -> Vector(0), get_propertydetails-0 -> Vector(0), post_ownerlogin-0 -> Vector(0), post_login-0 -> Vector(0), get_transaction_history-0 -> Vector(0), get_propertyphotos-0 -> Vector(0), response_topic-0 -> Vector(0), post_profile-0 -> Vector(0), post_bookproperty-0 -> Vector(0))) (kafka.controller.KafkaController)
[2018-11-29 13:27:21,093] DEBUG [Controller id=0] Topics not in preferred replica for broker 0 Map() (kafka.controller.KafkaController)
[2018-11-29 13:27:21,093] TRACE [Controller id=0] Leader imbalance ratio for broker 0 is 0.0 (kafka.controller.KafkaController)
[2018-11-29 13:32:21,089] TRACE [Controller id=0] Checking need to trigger auto leader balancing (kafka.controller.KafkaController)
[2018-11-29 13:32:21,091] DEBUG [Controller id=0] Preferred replicas by broker Map(0 -> Map(post_lyp-0 -> Vector(0), post_book-0 -> Vector(0), get_inbox-0 -> Vector(0), post_sendmessage-0 -> Vector(0), get_profile-0 -> Vector(0), get_home-0 -> Vector(0), post_signup-0 -> Vector(0), post_buyproperty-0 -> Vector(0), get_searchresults-0 -> Vector(0), get_dashboard-0 -> Vector(0), get_propertydetails-0 -> Vector(0), post_ownerlogin-0 -> Vector(0), post_login-0 -> Vector(0), get_transaction_history-0 -> Vector(0), get_propertyphotos-0 -> Vector(0), response_topic-0 -> Vector(0), post_profile-0 -> Vector(0), post_bookproperty-0 -> Vector(0))) (kafka.controller.KafkaController)
[2018-11-29 13:32:21,091] DEBUG [Controller id=0] Topics not in preferred replica for broker 0 Map() (kafka.controller.KafkaController)
[2018-11-29 13:32:21,091] TRACE [Controller id=0] Leader imbalance ratio for broker 0 is 0.0 (kafka.controller.KafkaController)
[2018-11-29 13:37:21,088] TRACE [Controller id=0] Checking need to trigger auto leader balancing (kafka.controller.KafkaController)
[2018-11-29 13:37:21,088] DEBUG [Controller id=0] Preferred replicas by broker Map(0 -> Map(post_lyp-0 -> Vector(0), post_book-0 -> Vector(0), get_inbox-0 -> Vector(0), post_sendmessage-0 -> Vector(0), get_profile-0 -> Vector(0), get_home-0 -> Vector(0), post_signup-0 -> Vector(0), post_buyproperty-0 -> Vector(0), get_searchresults-0 -> Vector(0), get_dashboard-0 -> Vector(0), get_propertydetails-0 -> Vector(0), post_ownerlogin-0 -> Vector(0), post_login-0 -> Vector(0), get_transaction_history-0 -> Vector(0), get_propertyphotos-0 -> Vector(0), response_topic-0 -> Vector(0), post_profile-0 -> Vector(0), post_bookproperty-0 -> Vector(0))) (kafka.controller.KafkaController)
[2018-11-29 13:37:21,088] DEBUG [Controller id=0] Topics not in preferred replica for broker 0 Map() (kafka.controller.KafkaController)
[2018-11-29 13:37:21,088] TRACE [Controller id=0] Leader imbalance ratio for broker 0 is 0.0 (kafka.controller.KafkaController)
[2018-11-29 13:40:34,944] INFO [Controller id=0] Shutting down broker 0 (kafka.controller.KafkaController)
[2018-11-29 13:40:34,944] DEBUG [Controller id=0] All shutting down brokers: 0 (kafka.controller.KafkaController)
[2018-11-29 13:40:34,945] DEBUG [Controller id=0] Live brokers:  (kafka.controller.KafkaController)
[2018-11-29 13:40:34,947] TRACE [Controller id=0] All leaders = post_lyp-0 -> (Leader:0,ISR:0,LeaderEpoch:0,ControllerEpoch:1),post_book-0 -> (Leader:0,ISR:0,LeaderEpoch:0,ControllerEpoch:1),get_inbox-0 -> (Leader:0,ISR:0,LeaderEpoch:0,ControllerEpoch:1),post_sendmessage-0 -> (Leader:0,ISR:0,LeaderEpoch:0,ControllerEpoch:1),get_profile-0 -> (Leader:0,ISR:0,LeaderEpoch:0,ControllerEpoch:1),get_home-0 -> (Leader:0,ISR:0,LeaderEpoch:0,ControllerEpoch:1),post_signup-0 -> (Leader:0,ISR:0,LeaderEpoch:0,ControllerEpoch:1),post_buyproperty-0 -> (Leader:0,ISR:0,LeaderEpoch:0,ControllerEpoch:1),get_searchresults-0 -> (Leader:0,ISR:0,LeaderEpoch:0,ControllerEpoch:1),get_dashboard-0 -> (Leader:0,ISR:0,LeaderEpoch:0,ControllerEpoch:1),get_propertydetails-0 -> (Leader:0,ISR:0,LeaderEpoch:0,ControllerEpoch:1),post_ownerlogin-0 -> (Leader:0,ISR:0,LeaderEpoch:0,ControllerEpoch:1),get_transaction_history-0 -> (Leader:0,ISR:0,LeaderEpoch:0,ControllerEpoch:1),post_login-0 -> (Leader:0,ISR:0,LeaderEpoch:0,ControllerEpoch:1),get_propertyphotos-0 -> (Leader:0,ISR:0,LeaderEpoch:0,ControllerEpoch:1),post_profile-0 -> (Leader:0,ISR:0,LeaderEpoch:0,ControllerEpoch:1),response_topic-0 -> (Leader:0,ISR:0,LeaderEpoch:0,ControllerEpoch:1),post_bookproperty-0 -> (Leader:0,ISR:0,LeaderEpoch:0,ControllerEpoch:1) (kafka.controller.KafkaController)
[2018-11-29 13:40:35,843] INFO [ControllerEventThread controllerId=0] Shutting down (kafka.controller.ControllerEventManager$ControllerEventThread)
[2018-11-29 13:40:35,843] INFO [ControllerEventThread controllerId=0] Stopped (kafka.controller.ControllerEventManager$ControllerEventThread)
[2018-11-29 13:40:35,843] INFO [ControllerEventThread controllerId=0] Shutdown completed (kafka.controller.ControllerEventManager$ControllerEventThread)
[2018-11-29 13:40:35,844] DEBUG [Controller id=0] Resigning (kafka.controller.KafkaController)
[2018-11-29 13:40:35,844] DEBUG [Controller id=0] Unregister BrokerModifications handler for Set(0) (kafka.controller.KafkaController)
[2018-11-29 13:40:35,844] INFO [PartitionStateMachine controllerId=0] Stopped partition state machine (kafka.controller.PartitionStateMachine)
[2018-11-29 13:40:35,844] INFO [ReplicaStateMachine controllerId=0] Stopped replica state machine (kafka.controller.ReplicaStateMachine)
[2018-11-29 13:40:35,844] INFO [RequestSendThread controllerId=0] Shutting down (kafka.controller.RequestSendThread)
[2018-11-29 13:40:35,844] INFO [RequestSendThread controllerId=0] Stopped (kafka.controller.RequestSendThread)
[2018-11-29 13:40:35,844] INFO [RequestSendThread controllerId=0] Shutdown completed (kafka.controller.RequestSendThread)
[2018-11-29 13:40:35,845] INFO [Controller id=0] Resigned (kafka.controller.KafkaController)
>>>>>>> Stashed changes
