[2018-12-02 18:02:44,715] INFO [GroupMetadataManager brokerId=0] Removed 0 expired offsets in 0 milliseconds. (kafka.coordinator.group.GroupMetadataManager)
[2018-12-02 18:12:44,715] INFO [GroupMetadataManager brokerId=0] Removed 0 expired offsets in 0 milliseconds. (kafka.coordinator.group.GroupMetadataManager)
[2018-12-02 18:18:23,314] INFO Updated PartitionLeaderEpoch. New: {epoch:0, offset:0}, Current: {epoch:-1, offset:-1} for Partition: get_transaction_history-0. Cache now contains 0 entries. (kafka.server.epoch.LeaderEpochFileCache)
[2018-12-02 18:22:44,715] INFO [GroupMetadataManager brokerId=0] Removed 0 expired offsets in 0 milliseconds. (kafka.coordinator.group.GroupMetadataManager)
[2018-12-02 18:27:36,361] INFO Terminating process due to signal SIGINT (kafka.Kafka$)
[2018-12-02 18:27:36,365] INFO [KafkaServer id=0] shutting down (kafka.server.KafkaServer)
[2018-12-02 18:27:36,367] INFO [KafkaServer id=0] Starting controlled shutdown (kafka.server.KafkaServer)
[2018-12-02 18:27:36,399] INFO [KafkaServer id=0] Controlled shutdown succeeded (kafka.server.KafkaServer)
[2018-12-02 18:27:36,401] INFO [/config/changes-event-process-thread]: Shutting down (kafka.common.ZkNodeChangeNotificationListener$ChangeEventProcessThread)
[2018-12-02 18:27:36,403] INFO [/config/changes-event-process-thread]: Stopped (kafka.common.ZkNodeChangeNotificationListener$ChangeEventProcessThread)
[2018-12-02 18:27:36,403] INFO [/config/changes-event-process-thread]: Shutdown completed (kafka.common.ZkNodeChangeNotificationListener$ChangeEventProcessThread)
[2018-12-02 18:27:36,403] INFO [SocketServer brokerId=0] Stopping socket server request processors (kafka.network.SocketServer)
[2018-12-02 18:27:36,408] INFO [SocketServer brokerId=0] Stopped socket server request processors (kafka.network.SocketServer)
[2018-12-02 18:27:36,409] INFO [Kafka Request Handler on Broker 0], shutting down (kafka.server.KafkaRequestHandlerPool)
[2018-12-02 18:27:36,410] INFO [Kafka Request Handler on Broker 0], shut down completely (kafka.server.KafkaRequestHandlerPool)
[2018-12-02 18:27:36,412] INFO [KafkaApi-0] Shutdown complete. (kafka.server.KafkaApis)
[2018-12-02 18:27:36,412] INFO [ExpirationReaper-0-topic]: Shutting down (kafka.server.DelayedOperationPurgatory$ExpiredOperationReaper)
[2018-12-02 18:27:36,429] INFO [ExpirationReaper-0-topic]: Stopped (kafka.server.DelayedOperationPurgatory$ExpiredOperationReaper)
[2018-12-02 18:27:36,429] INFO [ExpirationReaper-0-topic]: Shutdown completed (kafka.server.DelayedOperationPurgatory$ExpiredOperationReaper)
[2018-12-02 18:27:36,431] INFO [TransactionCoordinator id=0] Shutting down. (kafka.coordinator.transaction.TransactionCoordinator)
[2018-12-02 18:27:36,431] INFO [ProducerId Manager 0]: Shutdown complete: last producerId assigned 0 (kafka.coordinator.transaction.ProducerIdManager)
[2018-12-02 18:27:36,432] INFO [Transaction State Manager 0]: Shutdown complete (kafka.coordinator.transaction.TransactionStateManager)
[2018-12-02 18:27:36,432] INFO [Transaction Marker Channel Manager 0]: Shutting down (kafka.coordinator.transaction.TransactionMarkerChannelManager)
[2018-12-02 18:27:36,432] INFO [Transaction Marker Channel Manager 0]: Stopped (kafka.coordinator.transaction.TransactionMarkerChannelManager)
[2018-12-02 18:27:36,432] INFO [Transaction Marker Channel Manager 0]: Shutdown completed (kafka.coordinator.transaction.TransactionMarkerChannelManager)
[2018-12-02 18:27:36,432] INFO [TransactionCoordinator id=0] Shutdown complete. (kafka.coordinator.transaction.TransactionCoordinator)
[2018-12-02 18:27:36,432] INFO [GroupCoordinator 0]: Shutting down. (kafka.coordinator.group.GroupCoordinator)
[2018-12-02 18:27:36,433] INFO [ExpirationReaper-0-Heartbeat]: Shutting down (kafka.server.DelayedOperationPurgatory$ExpiredOperationReaper)
[2018-12-02 18:27:36,619] INFO [ExpirationReaper-0-Heartbeat]: Stopped (kafka.server.DelayedOperationPurgatory$ExpiredOperationReaper)
[2018-12-02 18:27:36,619] INFO [ExpirationReaper-0-Heartbeat]: Shutdown completed (kafka.server.DelayedOperationPurgatory$ExpiredOperationReaper)
[2018-12-02 18:27:36,619] INFO [ExpirationReaper-0-Rebalance]: Shutting down (kafka.server.DelayedOperationPurgatory$ExpiredOperationReaper)
[2018-12-02 18:27:36,819] INFO [ExpirationReaper-0-Rebalance]: Stopped (kafka.server.DelayedOperationPurgatory$ExpiredOperationReaper)
[2018-12-02 18:27:36,819] INFO [ExpirationReaper-0-Rebalance]: Shutdown completed (kafka.server.DelayedOperationPurgatory$ExpiredOperationReaper)
[2018-12-02 18:27:36,821] INFO [GroupCoordinator 0]: Shutdown complete. (kafka.coordinator.group.GroupCoordinator)
[2018-12-02 18:27:36,825] INFO [ReplicaManager broker=0] Shutting down (kafka.server.ReplicaManager)
[2018-12-02 18:27:36,825] INFO [LogDirFailureHandler]: Shutting down (kafka.server.ReplicaManager$LogDirFailureHandler)
[2018-12-02 18:27:36,826] INFO [LogDirFailureHandler]: Stopped (kafka.server.ReplicaManager$LogDirFailureHandler)
[2018-12-02 18:27:36,826] INFO [LogDirFailureHandler]: Shutdown completed (kafka.server.ReplicaManager$LogDirFailureHandler)
[2018-12-02 18:27:36,828] INFO [ReplicaFetcherManager on broker 0] shutting down (kafka.server.ReplicaFetcherManager)
[2018-12-02 18:27:36,833] INFO [ReplicaFetcherManager on broker 0] shutdown completed (kafka.server.ReplicaFetcherManager)
[2018-12-02 18:27:36,833] INFO [ReplicaAlterLogDirsManager on broker 0] shutting down (kafka.server.ReplicaAlterLogDirsManager)
[2018-12-02 18:27:36,834] INFO [ReplicaAlterLogDirsManager on broker 0] shutdown completed (kafka.server.ReplicaAlterLogDirsManager)
[2018-12-02 18:27:36,835] INFO [ExpirationReaper-0-Fetch]: Shutting down (kafka.server.DelayedOperationPurgatory$ExpiredOperationReaper)
[2018-12-02 18:27:36,922] INFO [ExpirationReaper-0-Fetch]: Shutdown completed (kafka.server.DelayedOperationPurgatory$ExpiredOperationReaper)
[2018-12-02 18:27:36,922] INFO [ExpirationReaper-0-Fetch]: Stopped (kafka.server.DelayedOperationPurgatory$ExpiredOperationReaper)
[2018-12-02 18:27:36,922] INFO [ExpirationReaper-0-Produce]: Shutting down (kafka.server.DelayedOperationPurgatory$ExpiredOperationReaper)
[2018-12-02 18:27:37,118] INFO [ExpirationReaper-0-Produce]: Stopped (kafka.server.DelayedOperationPurgatory$ExpiredOperationReaper)
[2018-12-02 18:27:37,118] INFO [ExpirationReaper-0-Produce]: Shutdown completed (kafka.server.DelayedOperationPurgatory$ExpiredOperationReaper)
[2018-12-02 18:27:37,119] INFO [ExpirationReaper-0-DeleteRecords]: Shutting down (kafka.server.DelayedOperationPurgatory$ExpiredOperationReaper)
[2018-12-02 18:27:37,257] INFO [ExpirationReaper-0-DeleteRecords]: Stopped (kafka.server.DelayedOperationPurgatory$ExpiredOperationReaper)
[2018-12-02 18:27:37,258] INFO [ExpirationReaper-0-DeleteRecords]: Shutdown completed (kafka.server.DelayedOperationPurgatory$ExpiredOperationReaper)
[2018-12-02 18:27:37,300] INFO [ReplicaManager broker=0] Shut down completely (kafka.server.ReplicaManager)
[2018-12-02 18:27:37,301] INFO Shutting down. (kafka.log.LogManager)
[2018-12-02 18:27:37,344] INFO [ProducerStateManager partition=get_transaction_history-0] Writing producer snapshot at offset 12 (kafka.log.ProducerStateManager)
[2018-12-02 18:27:37,351] INFO [ProducerStateManager partition=get_searchresults-0] Writing producer snapshot at offset 33 (kafka.log.ProducerStateManager)
[2018-12-02 18:27:37,355] INFO [ProducerStateManager partition=post_login-0] Writing producer snapshot at offset 1 (kafka.log.ProducerStateManager)
[2018-12-02 18:27:37,361] INFO [ProducerStateManager partition=get_home-0] Writing producer snapshot at offset 31 (kafka.log.ProducerStateManager)
[2018-12-02 18:27:37,368] INFO [ProducerStateManager partition=response_topic-0] Writing producer snapshot at offset 77 (kafka.log.ProducerStateManager)
[2018-12-02 18:27:37,462] INFO Shutdown complete. (kafka.log.LogManager)
[2018-12-02 18:27:37,477] INFO [ZooKeeperClient] Closing. (kafka.zookeeper.ZooKeeperClient)
[2018-12-02 18:27:37,496] INFO Session: 0x16771bb0f9b0000 closed (org.apache.zookeeper.ZooKeeper)
[2018-12-02 18:27:37,497] INFO [ZooKeeperClient] Closed. (kafka.zookeeper.ZooKeeperClient)
[2018-12-02 18:27:37,497] INFO EventThread shut down for session: 0x16771bb0f9b0000 (org.apache.zookeeper.ClientCnxn)
[2018-12-02 18:27:37,497] INFO [ThrottledRequestReaper-Fetch]: Shutting down (kafka.server.ClientQuotaManager$ThrottledRequestReaper)
[2018-12-02 18:27:38,464] INFO [ThrottledRequestReaper-Fetch]: Stopped (kafka.server.ClientQuotaManager$ThrottledRequestReaper)
[2018-12-02 18:27:38,464] INFO [ThrottledRequestReaper-Fetch]: Shutdown completed (kafka.server.ClientQuotaManager$ThrottledRequestReaper)
[2018-12-02 18:27:38,466] INFO [ThrottledRequestReaper-Produce]: Shutting down (kafka.server.ClientQuotaManager$ThrottledRequestReaper)
[2018-12-02 18:27:38,472] INFO [ThrottledRequestReaper-Produce]: Shutdown completed (kafka.server.ClientQuotaManager$ThrottledRequestReaper)
[2018-12-02 18:27:38,472] INFO [ThrottledRequestReaper-Produce]: Stopped (kafka.server.ClientQuotaManager$ThrottledRequestReaper)
[2018-12-02 18:27:38,472] INFO [ThrottledRequestReaper-Request]: Shutting down (kafka.server.ClientQuotaManager$ThrottledRequestReaper)
[2018-12-02 18:27:39,454] INFO [ThrottledRequestReaper-Request]: Stopped (kafka.server.ClientQuotaManager$ThrottledRequestReaper)
[2018-12-02 18:27:39,454] INFO [ThrottledRequestReaper-Request]: Shutdown completed (kafka.server.ClientQuotaManager$ThrottledRequestReaper)
[2018-12-02 18:27:39,457] INFO [SocketServer brokerId=0] Shutting down socket server (kafka.network.SocketServer)
[2018-12-02 18:27:39,483] INFO [SocketServer brokerId=0] Shutdown completed (kafka.network.SocketServer)
[2018-12-02 18:27:39,491] INFO [KafkaServer id=0] shut down completed (kafka.server.KafkaServer)
