[2018-12-02 22:45:43,770] DEBUG preRegister called. Server=com.sun.jmx.mbeanserver.JmxMBeanServer@66d3c617, name=log4j:logger=state.change.logger (state.change.logger)
[2018-12-02 22:46:09,104] TRACE [Controller id=0 epoch=1] Received response {error_code=0} for request UPDATE_METADATA with correlation id 0 sent to broker nishtha-Inspiron-5567:9092 (id: 0 rack: null) (state.change.logger)
[2018-12-02 22:46:21,120] TRACE [Controller id=0 epoch=1] Changed partition get_dashboard-0 state from NonExistentPartition to NewPartition with assigned replicas 0 (state.change.logger)
[2018-12-02 22:46:21,124] TRACE [Controller id=0 epoch=1] Changed state of replica 0 for partition get_dashboard-0 from NonExistentReplica to NewReplica (state.change.logger)
[2018-12-02 22:46:21,239] TRACE [Controller id=0 epoch=1] Changed partition get_dashboard-0 from NewPartition to OnlinePartition with state LeaderAndIsr(leader=0, leaderEpoch=0, isr=List(0), zkVersion=0) (state.change.logger)
[2018-12-02 22:46:21,244] TRACE [Controller id=0 epoch=1] Sending become-leader LeaderAndIsr request PartitionState(controllerEpoch=1, leader=0, leaderEpoch=0, isr=0, zkVersion=0, replicas=0, isNew=true) to broker 0 for partition get_dashboard-0 (state.change.logger)
[2018-12-02 22:46:21,252] TRACE [Controller id=0 epoch=1] Sending UpdateMetadata request PartitionState(controllerEpoch=1, leader=0, leaderEpoch=0, isr=[0], zkVersion=0, replicas=[0], offlineReplicas=[]) to brokers Set(0) for partition get_dashboard-0 (state.change.logger)
[2018-12-02 22:46:21,271] TRACE [Controller id=0 epoch=1] Changed state of replica 0 for partition get_dashboard-0 from NewReplica to OnlineReplica (state.change.logger)
[2018-12-02 22:46:21,271] TRACE [Broker id=0] Received LeaderAndIsr request PartitionState(controllerEpoch=1, leader=0, leaderEpoch=0, isr=0, zkVersion=0, replicas=0, isNew=true) correlation id 1 from controller 0 epoch 1 for partition get_dashboard-0 (state.change.logger)
[2018-12-02 22:46:21,275] TRACE [Broker id=0] Handling LeaderAndIsr request correlationId 1 from controller 0 epoch 1 starting the become-leader transition for partition get_dashboard-0 (state.change.logger)
[2018-12-02 22:46:21,345] TRACE [Broker id=0] Stopped fetchers as part of become-leader request from controller 0 epoch 1 with correlation id 1 for partition get_dashboard-0 (last update controller epoch 1) (state.change.logger)
[2018-12-02 22:46:21,346] TRACE [Broker id=0] Completed LeaderAndIsr request correlationId 1 from controller 0 epoch 1 for the become-leader transition for partition get_dashboard-0 (state.change.logger)
[2018-12-02 22:46:21,368] TRACE [Controller id=0 epoch=1] Received response {error_code=0,partitions=[{topic=get_dashboard,partition=0,error_code=0}]} for request LEADER_AND_ISR with correlation id 1 sent to broker nishtha-Inspiron-5567:9092 (id: 0 rack: null) (state.change.logger)
[2018-12-02 22:46:21,371] TRACE [Broker id=0] Cached leader info PartitionState(controllerEpoch=1, leader=0, leaderEpoch=0, isr=[0], zkVersion=0, replicas=[0], offlineReplicas=[]) for partition get_dashboard-0 in response to UpdateMetadata request sent by controller 0 epoch 1 with correlation id 2 (state.change.logger)
[2018-12-02 22:46:21,372] TRACE [Controller id=0 epoch=1] Received response {error_code=0} for request UPDATE_METADATA with correlation id 2 sent to broker nishtha-Inspiron-5567:9092 (id: 0 rack: null) (state.change.logger)
[2018-12-02 22:46:23,347] TRACE [Controller id=0 epoch=1] Changed partition get_home-0 state from NonExistentPartition to NewPartition with assigned replicas 0 (state.change.logger)
[2018-12-02 22:46:23,347] TRACE [Controller id=0 epoch=1] Changed state of replica 0 for partition get_home-0 from NonExistentReplica to NewReplica (state.change.logger)
[2018-12-02 22:46:23,414] TRACE [Controller id=0 epoch=1] Changed partition get_home-0 from NewPartition to OnlinePartition with state LeaderAndIsr(leader=0, leaderEpoch=0, isr=List(0), zkVersion=0) (state.change.logger)
[2018-12-02 22:46:23,415] TRACE [Controller id=0 epoch=1] Sending become-leader LeaderAndIsr request PartitionState(controllerEpoch=1, leader=0, leaderEpoch=0, isr=0, zkVersion=0, replicas=0, isNew=true) to broker 0 for partition get_home-0 (state.change.logger)
[2018-12-02 22:46:23,415] TRACE [Controller id=0 epoch=1] Sending UpdateMetadata request PartitionState(controllerEpoch=1, leader=0, leaderEpoch=0, isr=[0], zkVersion=0, replicas=[0], offlineReplicas=[]) to brokers Set(0) for partition get_home-0 (state.change.logger)
[2018-12-02 22:46:23,417] TRACE [Controller id=0 epoch=1] Changed state of replica 0 for partition get_home-0 from NewReplica to OnlineReplica (state.change.logger)
[2018-12-02 22:46:23,418] TRACE [Broker id=0] Received LeaderAndIsr request PartitionState(controllerEpoch=1, leader=0, leaderEpoch=0, isr=0, zkVersion=0, replicas=0, isNew=true) correlation id 3 from controller 0 epoch 1 for partition get_home-0 (state.change.logger)
[2018-12-02 22:46:23,421] TRACE [Broker id=0] Handling LeaderAndIsr request correlationId 3 from controller 0 epoch 1 starting the become-leader transition for partition get_home-0 (state.change.logger)
[2018-12-02 22:46:23,460] TRACE [Broker id=0] Stopped fetchers as part of become-leader request from controller 0 epoch 1 with correlation id 3 for partition get_home-0 (last update controller epoch 1) (state.change.logger)
[2018-12-02 22:46:23,460] TRACE [Broker id=0] Completed LeaderAndIsr request correlationId 3 from controller 0 epoch 1 for the become-leader transition for partition get_home-0 (state.change.logger)
[2018-12-02 22:46:23,463] TRACE [Controller id=0 epoch=1] Received response {error_code=0,partitions=[{topic=get_home,partition=0,error_code=0}]} for request LEADER_AND_ISR with correlation id 3 sent to broker nishtha-Inspiron-5567:9092 (id: 0 rack: null) (state.change.logger)
[2018-12-02 22:46:23,466] TRACE [Broker id=0] Cached leader info PartitionState(controllerEpoch=1, leader=0, leaderEpoch=0, isr=[0], zkVersion=0, replicas=[0], offlineReplicas=[]) for partition get_home-0 in response to UpdateMetadata request sent by controller 0 epoch 1 with correlation id 4 (state.change.logger)
[2018-12-02 22:46:23,468] TRACE [Controller id=0 epoch=1] Received response {error_code=0} for request UPDATE_METADATA with correlation id 4 sent to broker nishtha-Inspiron-5567:9092 (id: 0 rack: null) (state.change.logger)
[2018-12-02 22:46:25,265] TRACE [Controller id=0 epoch=1] Changed partition get_inbox-0 state from NonExistentPartition to NewPartition with assigned replicas 0 (state.change.logger)
[2018-12-02 22:46:25,265] TRACE [Controller id=0 epoch=1] Changed state of replica 0 for partition get_inbox-0 from NonExistentReplica to NewReplica (state.change.logger)
[2018-12-02 22:46:25,333] TRACE [Controller id=0 epoch=1] Changed partition get_inbox-0 from NewPartition to OnlinePartition with state LeaderAndIsr(leader=0, leaderEpoch=0, isr=List(0), zkVersion=0) (state.change.logger)
[2018-12-02 22:46:25,334] TRACE [Controller id=0 epoch=1] Sending become-leader LeaderAndIsr request PartitionState(controllerEpoch=1, leader=0, leaderEpoch=0, isr=0, zkVersion=0, replicas=0, isNew=true) to broker 0 for partition get_inbox-0 (state.change.logger)
[2018-12-02 22:46:25,334] TRACE [Controller id=0 epoch=1] Sending UpdateMetadata request PartitionState(controllerEpoch=1, leader=0, leaderEpoch=0, isr=[0], zkVersion=0, replicas=[0], offlineReplicas=[]) to brokers Set(0) for partition get_inbox-0 (state.change.logger)
[2018-12-02 22:46:25,335] TRACE [Controller id=0 epoch=1] Changed state of replica 0 for partition get_inbox-0 from NewReplica to OnlineReplica (state.change.logger)
[2018-12-02 22:46:25,336] TRACE [Broker id=0] Received LeaderAndIsr request PartitionState(controllerEpoch=1, leader=0, leaderEpoch=0, isr=0, zkVersion=0, replicas=0, isNew=true) correlation id 5 from controller 0 epoch 1 for partition get_inbox-0 (state.change.logger)
[2018-12-02 22:46:25,339] TRACE [Broker id=0] Handling LeaderAndIsr request correlationId 5 from controller 0 epoch 1 starting the become-leader transition for partition get_inbox-0 (state.change.logger)
[2018-12-02 22:46:25,348] TRACE [Broker id=0] Stopped fetchers as part of become-leader request from controller 0 epoch 1 with correlation id 5 for partition get_inbox-0 (last update controller epoch 1) (state.change.logger)
[2018-12-02 22:46:25,348] TRACE [Broker id=0] Completed LeaderAndIsr request correlationId 5 from controller 0 epoch 1 for the become-leader transition for partition get_inbox-0 (state.change.logger)
[2018-12-02 22:46:25,349] TRACE [Controller id=0 epoch=1] Received response {error_code=0,partitions=[{topic=get_inbox,partition=0,error_code=0}]} for request LEADER_AND_ISR with correlation id 5 sent to broker nishtha-Inspiron-5567:9092 (id: 0 rack: null) (state.change.logger)
[2018-12-02 22:46:25,351] TRACE [Broker id=0] Cached leader info PartitionState(controllerEpoch=1, leader=0, leaderEpoch=0, isr=[0], zkVersion=0, replicas=[0], offlineReplicas=[]) for partition get_inbox-0 in response to UpdateMetadata request sent by controller 0 epoch 1 with correlation id 6 (state.change.logger)
[2018-12-02 22:46:25,352] TRACE [Controller id=0 epoch=1] Received response {error_code=0} for request UPDATE_METADATA with correlation id 6 sent to broker nishtha-Inspiron-5567:9092 (id: 0 rack: null) (state.change.logger)
[2018-12-02 22:46:27,165] TRACE [Controller id=0 epoch=1] Changed partition get_profile-0 state from NonExistentPartition to NewPartition with assigned replicas 0 (state.change.logger)
[2018-12-02 22:46:27,165] TRACE [Controller id=0 epoch=1] Changed state of replica 0 for partition get_profile-0 from NonExistentReplica to NewReplica (state.change.logger)
[2018-12-02 22:46:27,234] TRACE [Controller id=0 epoch=1] Changed partition get_profile-0 from NewPartition to OnlinePartition with state LeaderAndIsr(leader=0, leaderEpoch=0, isr=List(0), zkVersion=0) (state.change.logger)
[2018-12-02 22:46:27,235] TRACE [Controller id=0 epoch=1] Sending become-leader LeaderAndIsr request PartitionState(controllerEpoch=1, leader=0, leaderEpoch=0, isr=0, zkVersion=0, replicas=0, isNew=true) to broker 0 for partition get_profile-0 (state.change.logger)
[2018-12-02 22:46:27,236] TRACE [Controller id=0 epoch=1] Sending UpdateMetadata request PartitionState(controllerEpoch=1, leader=0, leaderEpoch=0, isr=[0], zkVersion=0, replicas=[0], offlineReplicas=[]) to brokers Set(0) for partition get_profile-0 (state.change.logger)
[2018-12-02 22:46:27,237] TRACE [Controller id=0 epoch=1] Changed state of replica 0 for partition get_profile-0 from NewReplica to OnlineReplica (state.change.logger)
[2018-12-02 22:46:27,238] TRACE [Broker id=0] Received LeaderAndIsr request PartitionState(controllerEpoch=1, leader=0, leaderEpoch=0, isr=0, zkVersion=0, replicas=0, isNew=true) correlation id 7 from controller 0 epoch 1 for partition get_profile-0 (state.change.logger)
[2018-12-02 22:46:27,240] TRACE [Broker id=0] Handling LeaderAndIsr request correlationId 7 from controller 0 epoch 1 starting the become-leader transition for partition get_profile-0 (state.change.logger)
[2018-12-02 22:46:27,258] TRACE [Broker id=0] Stopped fetchers as part of become-leader request from controller 0 epoch 1 with correlation id 7 for partition get_profile-0 (last update controller epoch 1) (state.change.logger)
[2018-12-02 22:46:27,258] TRACE [Broker id=0] Completed LeaderAndIsr request correlationId 7 from controller 0 epoch 1 for the become-leader transition for partition get_profile-0 (state.change.logger)
[2018-12-02 22:46:27,261] TRACE [Controller id=0 epoch=1] Received response {error_code=0,partitions=[{topic=get_profile,partition=0,error_code=0}]} for request LEADER_AND_ISR with correlation id 7 sent to broker nishtha-Inspiron-5567:9092 (id: 0 rack: null) (state.change.logger)
[2018-12-02 22:46:27,264] TRACE [Broker id=0] Cached leader info PartitionState(controllerEpoch=1, leader=0, leaderEpoch=0, isr=[0], zkVersion=0, replicas=[0], offlineReplicas=[]) for partition get_profile-0 in response to UpdateMetadata request sent by controller 0 epoch 1 with correlation id 8 (state.change.logger)
[2018-12-02 22:46:27,265] TRACE [Controller id=0 epoch=1] Received response {error_code=0} for request UPDATE_METADATA with correlation id 8 sent to broker nishtha-Inspiron-5567:9092 (id: 0 rack: null) (state.change.logger)
[2018-12-02 22:46:29,427] TRACE [Controller id=0 epoch=1] Changed partition get_propertydetails-0 state from NonExistentPartition to NewPartition with assigned replicas 0 (state.change.logger)
[2018-12-02 22:46:29,428] TRACE [Controller id=0 epoch=1] Changed state of replica 0 for partition get_propertydetails-0 from NonExistentReplica to NewReplica (state.change.logger)
[2018-12-02 22:46:29,494] TRACE [Controller id=0 epoch=1] Changed partition get_propertydetails-0 from NewPartition to OnlinePartition with state LeaderAndIsr(leader=0, leaderEpoch=0, isr=List(0), zkVersion=0) (state.change.logger)
[2018-12-02 22:46:29,495] TRACE [Controller id=0 epoch=1] Sending become-leader LeaderAndIsr request PartitionState(controllerEpoch=1, leader=0, leaderEpoch=0, isr=0, zkVersion=0, replicas=0, isNew=true) to broker 0 for partition get_propertydetails-0 (state.change.logger)
[2018-12-02 22:46:29,495] TRACE [Controller id=0 epoch=1] Sending UpdateMetadata request PartitionState(controllerEpoch=1, leader=0, leaderEpoch=0, isr=[0], zkVersion=0, replicas=[0], offlineReplicas=[]) to brokers Set(0) for partition get_propertydetails-0 (state.change.logger)
[2018-12-02 22:46:29,496] TRACE [Controller id=0 epoch=1] Changed state of replica 0 for partition get_propertydetails-0 from NewReplica to OnlineReplica (state.change.logger)
[2018-12-02 22:46:29,498] TRACE [Broker id=0] Received LeaderAndIsr request PartitionState(controllerEpoch=1, leader=0, leaderEpoch=0, isr=0, zkVersion=0, replicas=0, isNew=true) correlation id 9 from controller 0 epoch 1 for partition get_propertydetails-0 (state.change.logger)
[2018-12-02 22:46:29,502] TRACE [Broker id=0] Handling LeaderAndIsr request correlationId 9 from controller 0 epoch 1 starting the become-leader transition for partition get_propertydetails-0 (state.change.logger)
[2018-12-02 22:46:29,535] TRACE [Broker id=0] Stopped fetchers as part of become-leader request from controller 0 epoch 1 with correlation id 9 for partition get_propertydetails-0 (last update controller epoch 1) (state.change.logger)
[2018-12-02 22:46:29,535] TRACE [Broker id=0] Completed LeaderAndIsr request correlationId 9 from controller 0 epoch 1 for the become-leader transition for partition get_propertydetails-0 (state.change.logger)
[2018-12-02 22:46:29,537] TRACE [Controller id=0 epoch=1] Received response {error_code=0,partitions=[{topic=get_propertydetails,partition=0,error_code=0}]} for request LEADER_AND_ISR with correlation id 9 sent to broker nishtha-Inspiron-5567:9092 (id: 0 rack: null) (state.change.logger)
[2018-12-02 22:46:29,539] TRACE [Broker id=0] Cached leader info PartitionState(controllerEpoch=1, leader=0, leaderEpoch=0, isr=[0], zkVersion=0, replicas=[0], offlineReplicas=[]) for partition get_propertydetails-0 in response to UpdateMetadata request sent by controller 0 epoch 1 with correlation id 10 (state.change.logger)
[2018-12-02 22:46:29,540] TRACE [Controller id=0 epoch=1] Received response {error_code=0} for request UPDATE_METADATA with correlation id 10 sent to broker nishtha-Inspiron-5567:9092 (id: 0 rack: null) (state.change.logger)
[2018-12-02 22:46:31,865] TRACE [Controller id=0 epoch=1] Changed partition get_propertyphotos-0 state from NonExistentPartition to NewPartition with assigned replicas 0 (state.change.logger)
[2018-12-02 22:46:31,865] TRACE [Controller id=0 epoch=1] Changed state of replica 0 for partition get_propertyphotos-0 from NonExistentReplica to NewReplica (state.change.logger)
[2018-12-02 22:46:31,950] TRACE [Controller id=0 epoch=1] Changed partition get_propertyphotos-0 from NewPartition to OnlinePartition with state LeaderAndIsr(leader=0, leaderEpoch=0, isr=List(0), zkVersion=0) (state.change.logger)
[2018-12-02 22:46:31,951] TRACE [Controller id=0 epoch=1] Sending become-leader LeaderAndIsr request PartitionState(controllerEpoch=1, leader=0, leaderEpoch=0, isr=0, zkVersion=0, replicas=0, isNew=true) to broker 0 for partition get_propertyphotos-0 (state.change.logger)
[2018-12-02 22:46:31,951] TRACE [Controller id=0 epoch=1] Sending UpdateMetadata request PartitionState(controllerEpoch=1, leader=0, leaderEpoch=0, isr=[0], zkVersion=0, replicas=[0], offlineReplicas=[]) to brokers Set(0) for partition get_propertyphotos-0 (state.change.logger)
[2018-12-02 22:46:31,953] TRACE [Controller id=0 epoch=1] Changed state of replica 0 for partition get_propertyphotos-0 from NewReplica to OnlineReplica (state.change.logger)
[2018-12-02 22:46:31,953] TRACE [Broker id=0] Received LeaderAndIsr request PartitionState(controllerEpoch=1, leader=0, leaderEpoch=0, isr=0, zkVersion=0, replicas=0, isNew=true) correlation id 11 from controller 0 epoch 1 for partition get_propertyphotos-0 (state.change.logger)
[2018-12-02 22:46:31,957] TRACE [Broker id=0] Handling LeaderAndIsr request correlationId 11 from controller 0 epoch 1 starting the become-leader transition for partition get_propertyphotos-0 (state.change.logger)
[2018-12-02 22:46:31,977] TRACE [Broker id=0] Stopped fetchers as part of become-leader request from controller 0 epoch 1 with correlation id 11 for partition get_propertyphotos-0 (last update controller epoch 1) (state.change.logger)
[2018-12-02 22:46:31,977] TRACE [Broker id=0] Completed LeaderAndIsr request correlationId 11 from controller 0 epoch 1 for the become-leader transition for partition get_propertyphotos-0 (state.change.logger)
[2018-12-02 22:46:31,980] TRACE [Controller id=0 epoch=1] Received response {error_code=0,partitions=[{topic=get_propertyphotos,partition=0,error_code=0}]} for request LEADER_AND_ISR with correlation id 11 sent to broker nishtha-Inspiron-5567:9092 (id: 0 rack: null) (state.change.logger)
[2018-12-02 22:46:31,983] TRACE [Broker id=0] Cached leader info PartitionState(controllerEpoch=1, leader=0, leaderEpoch=0, isr=[0], zkVersion=0, replicas=[0], offlineReplicas=[]) for partition get_propertyphotos-0 in response to UpdateMetadata request sent by controller 0 epoch 1 with correlation id 12 (state.change.logger)
[2018-12-02 22:46:31,985] TRACE [Controller id=0 epoch=1] Received response {error_code=0} for request UPDATE_METADATA with correlation id 12 sent to broker nishtha-Inspiron-5567:9092 (id: 0 rack: null) (state.change.logger)
[2018-12-02 22:46:33,164] TRACE [Controller id=0 epoch=1] Changed partition get_searchresults-0 state from NonExistentPartition to NewPartition with assigned replicas 0 (state.change.logger)
[2018-12-02 22:46:33,164] TRACE [Controller id=0 epoch=1] Changed state of replica 0 for partition get_searchresults-0 from NonExistentReplica to NewReplica (state.change.logger)
[2018-12-02 22:46:33,242] TRACE [Controller id=0 epoch=1] Changed partition get_searchresults-0 from NewPartition to OnlinePartition with state LeaderAndIsr(leader=0, leaderEpoch=0, isr=List(0), zkVersion=0) (state.change.logger)
[2018-12-02 22:46:33,242] TRACE [Controller id=0 epoch=1] Sending become-leader LeaderAndIsr request PartitionState(controllerEpoch=1, leader=0, leaderEpoch=0, isr=0, zkVersion=0, replicas=0, isNew=true) to broker 0 for partition get_searchresults-0 (state.change.logger)
[2018-12-02 22:46:33,243] TRACE [Controller id=0 epoch=1] Sending UpdateMetadata request PartitionState(controllerEpoch=1, leader=0, leaderEpoch=0, isr=[0], zkVersion=0, replicas=[0], offlineReplicas=[]) to brokers Set(0) for partition get_searchresults-0 (state.change.logger)
[2018-12-02 22:46:33,244] TRACE [Controller id=0 epoch=1] Changed state of replica 0 for partition get_searchresults-0 from NewReplica to OnlineReplica (state.change.logger)
[2018-12-02 22:46:33,245] TRACE [Broker id=0] Received LeaderAndIsr request PartitionState(controllerEpoch=1, leader=0, leaderEpoch=0, isr=0, zkVersion=0, replicas=0, isNew=true) correlation id 13 from controller 0 epoch 1 for partition get_searchresults-0 (state.change.logger)
[2018-12-02 22:46:33,248] TRACE [Broker id=0] Handling LeaderAndIsr request correlationId 13 from controller 0 epoch 1 starting the become-leader transition for partition get_searchresults-0 (state.change.logger)
[2018-12-02 22:46:33,266] TRACE [Broker id=0] Stopped fetchers as part of become-leader request from controller 0 epoch 1 with correlation id 13 for partition get_searchresults-0 (last update controller epoch 1) (state.change.logger)
[2018-12-02 22:46:33,266] TRACE [Broker id=0] Completed LeaderAndIsr request correlationId 13 from controller 0 epoch 1 for the become-leader transition for partition get_searchresults-0 (state.change.logger)
[2018-12-02 22:46:33,269] TRACE [Controller id=0 epoch=1] Received response {error_code=0,partitions=[{topic=get_searchresults,partition=0,error_code=0}]} for request LEADER_AND_ISR with correlation id 13 sent to broker nishtha-Inspiron-5567:9092 (id: 0 rack: null) (state.change.logger)
[2018-12-02 22:46:33,271] TRACE [Broker id=0] Cached leader info PartitionState(controllerEpoch=1, leader=0, leaderEpoch=0, isr=[0], zkVersion=0, replicas=[0], offlineReplicas=[]) for partition get_searchresults-0 in response to UpdateMetadata request sent by controller 0 epoch 1 with correlation id 14 (state.change.logger)
[2018-12-02 22:46:33,272] TRACE [Controller id=0 epoch=1] Received response {error_code=0} for request UPDATE_METADATA with correlation id 14 sent to broker nishtha-Inspiron-5567:9092 (id: 0 rack: null) (state.change.logger)
[2018-12-02 22:46:35,259] TRACE [Controller id=0 epoch=1] Changed partition post_book-0 state from NonExistentPartition to NewPartition with assigned replicas 0 (state.change.logger)
[2018-12-02 22:46:35,259] TRACE [Controller id=0 epoch=1] Changed state of replica 0 for partition post_book-0 from NonExistentReplica to NewReplica (state.change.logger)
[2018-12-02 22:46:35,327] TRACE [Controller id=0 epoch=1] Changed partition post_book-0 from NewPartition to OnlinePartition with state LeaderAndIsr(leader=0, leaderEpoch=0, isr=List(0), zkVersion=0) (state.change.logger)
[2018-12-02 22:46:35,328] TRACE [Controller id=0 epoch=1] Sending become-leader LeaderAndIsr request PartitionState(controllerEpoch=1, leader=0, leaderEpoch=0, isr=0, zkVersion=0, replicas=0, isNew=true) to broker 0 for partition post_book-0 (state.change.logger)
[2018-12-02 22:46:35,328] TRACE [Controller id=0 epoch=1] Sending UpdateMetadata request PartitionState(controllerEpoch=1, leader=0, leaderEpoch=0, isr=[0], zkVersion=0, replicas=[0], offlineReplicas=[]) to brokers Set(0) for partition post_book-0 (state.change.logger)
[2018-12-02 22:46:35,329] TRACE [Controller id=0 epoch=1] Changed state of replica 0 for partition post_book-0 from NewReplica to OnlineReplica (state.change.logger)
[2018-12-02 22:46:35,330] TRACE [Broker id=0] Received LeaderAndIsr request PartitionState(controllerEpoch=1, leader=0, leaderEpoch=0, isr=0, zkVersion=0, replicas=0, isNew=true) correlation id 15 from controller 0 epoch 1 for partition post_book-0 (state.change.logger)
[2018-12-02 22:46:35,333] TRACE [Broker id=0] Handling LeaderAndIsr request correlationId 15 from controller 0 epoch 1 starting the become-leader transition for partition post_book-0 (state.change.logger)
[2018-12-02 22:46:35,352] TRACE [Broker id=0] Stopped fetchers as part of become-leader request from controller 0 epoch 1 with correlation id 15 for partition post_book-0 (last update controller epoch 1) (state.change.logger)
[2018-12-02 22:46:35,352] TRACE [Broker id=0] Completed LeaderAndIsr request correlationId 15 from controller 0 epoch 1 for the become-leader transition for partition post_book-0 (state.change.logger)
[2018-12-02 22:46:35,354] TRACE [Controller id=0 epoch=1] Received response {error_code=0,partitions=[{topic=post_book,partition=0,error_code=0}]} for request LEADER_AND_ISR with correlation id 15 sent to broker nishtha-Inspiron-5567:9092 (id: 0 rack: null) (state.change.logger)
[2018-12-02 22:46:35,355] TRACE [Broker id=0] Cached leader info PartitionState(controllerEpoch=1, leader=0, leaderEpoch=0, isr=[0], zkVersion=0, replicas=[0], offlineReplicas=[]) for partition post_book-0 in response to UpdateMetadata request sent by controller 0 epoch 1 with correlation id 16 (state.change.logger)
[2018-12-02 22:46:35,356] TRACE [Controller id=0 epoch=1] Received response {error_code=0} for request UPDATE_METADATA with correlation id 16 sent to broker nishtha-Inspiron-5567:9092 (id: 0 rack: null) (state.change.logger)
[2018-12-02 22:46:37,236] TRACE [Controller id=0 epoch=1] Changed partition post_bookproperty-0 state from NonExistentPartition to NewPartition with assigned replicas 0 (state.change.logger)
[2018-12-02 22:46:37,236] TRACE [Controller id=0 epoch=1] Changed state of replica 0 for partition post_bookproperty-0 from NonExistentReplica to NewReplica (state.change.logger)
[2018-12-02 22:46:37,303] TRACE [Controller id=0 epoch=1] Changed partition post_bookproperty-0 from NewPartition to OnlinePartition with state LeaderAndIsr(leader=0, leaderEpoch=0, isr=List(0), zkVersion=0) (state.change.logger)
[2018-12-02 22:46:37,303] TRACE [Controller id=0 epoch=1] Sending become-leader LeaderAndIsr request PartitionState(controllerEpoch=1, leader=0, leaderEpoch=0, isr=0, zkVersion=0, replicas=0, isNew=true) to broker 0 for partition post_bookproperty-0 (state.change.logger)
[2018-12-02 22:46:37,304] TRACE [Controller id=0 epoch=1] Sending UpdateMetadata request PartitionState(controllerEpoch=1, leader=0, leaderEpoch=0, isr=[0], zkVersion=0, replicas=[0], offlineReplicas=[]) to brokers Set(0) for partition post_bookproperty-0 (state.change.logger)
[2018-12-02 22:46:37,304] TRACE [Controller id=0 epoch=1] Changed state of replica 0 for partition post_bookproperty-0 from NewReplica to OnlineReplica (state.change.logger)
[2018-12-02 22:46:37,305] TRACE [Broker id=0] Received LeaderAndIsr request PartitionState(controllerEpoch=1, leader=0, leaderEpoch=0, isr=0, zkVersion=0, replicas=0, isNew=true) correlation id 17 from controller 0 epoch 1 for partition post_bookproperty-0 (state.change.logger)
[2018-12-02 22:46:37,308] TRACE [Broker id=0] Handling LeaderAndIsr request correlationId 17 from controller 0 epoch 1 starting the become-leader transition for partition post_bookproperty-0 (state.change.logger)
[2018-12-02 22:46:37,322] TRACE [Broker id=0] Stopped fetchers as part of become-leader request from controller 0 epoch 1 with correlation id 17 for partition post_bookproperty-0 (last update controller epoch 1) (state.change.logger)
[2018-12-02 22:46:37,322] TRACE [Broker id=0] Completed LeaderAndIsr request correlationId 17 from controller 0 epoch 1 for the become-leader transition for partition post_bookproperty-0 (state.change.logger)
[2018-12-02 22:46:37,325] TRACE [Controller id=0 epoch=1] Received response {error_code=0,partitions=[{topic=post_bookproperty,partition=0,error_code=0}]} for request LEADER_AND_ISR with correlation id 17 sent to broker nishtha-Inspiron-5567:9092 (id: 0 rack: null) (state.change.logger)
[2018-12-02 22:46:37,326] TRACE [Broker id=0] Cached leader info PartitionState(controllerEpoch=1, leader=0, leaderEpoch=0, isr=[0], zkVersion=0, replicas=[0], offlineReplicas=[]) for partition post_bookproperty-0 in response to UpdateMetadata request sent by controller 0 epoch 1 with correlation id 18 (state.change.logger)
[2018-12-02 22:46:37,327] TRACE [Controller id=0 epoch=1] Received response {error_code=0} for request UPDATE_METADATA with correlation id 18 sent to broker nishtha-Inspiron-5567:9092 (id: 0 rack: null) (state.change.logger)
[2018-12-02 22:46:39,091] TRACE [Controller id=0 epoch=1] Changed partition post_login-0 state from NonExistentPartition to NewPartition with assigned replicas 0 (state.change.logger)
[2018-12-02 22:46:39,091] TRACE [Controller id=0 epoch=1] Changed state of replica 0 for partition post_login-0 from NonExistentReplica to NewReplica (state.change.logger)
[2018-12-02 22:46:39,159] TRACE [Controller id=0 epoch=1] Changed partition post_login-0 from NewPartition to OnlinePartition with state LeaderAndIsr(leader=0, leaderEpoch=0, isr=List(0), zkVersion=0) (state.change.logger)
[2018-12-02 22:46:39,159] TRACE [Controller id=0 epoch=1] Sending become-leader LeaderAndIsr request PartitionState(controllerEpoch=1, leader=0, leaderEpoch=0, isr=0, zkVersion=0, replicas=0, isNew=true) to broker 0 for partition post_login-0 (state.change.logger)
[2018-12-02 22:46:39,160] TRACE [Controller id=0 epoch=1] Sending UpdateMetadata request PartitionState(controllerEpoch=1, leader=0, leaderEpoch=0, isr=[0], zkVersion=0, replicas=[0], offlineReplicas=[]) to brokers Set(0) for partition post_login-0 (state.change.logger)
[2018-12-02 22:46:39,160] TRACE [Controller id=0 epoch=1] Changed state of replica 0 for partition post_login-0 from NewReplica to OnlineReplica (state.change.logger)
[2018-12-02 22:46:39,161] TRACE [Broker id=0] Received LeaderAndIsr request PartitionState(controllerEpoch=1, leader=0, leaderEpoch=0, isr=0, zkVersion=0, replicas=0, isNew=true) correlation id 19 from controller 0 epoch 1 for partition post_login-0 (state.change.logger)
[2018-12-02 22:46:39,163] TRACE [Broker id=0] Handling LeaderAndIsr request correlationId 19 from controller 0 epoch 1 starting the become-leader transition for partition post_login-0 (state.change.logger)
[2018-12-02 22:46:39,177] TRACE [Broker id=0] Stopped fetchers as part of become-leader request from controller 0 epoch 1 with correlation id 19 for partition post_login-0 (last update controller epoch 1) (state.change.logger)
[2018-12-02 22:46:39,177] TRACE [Broker id=0] Completed LeaderAndIsr request correlationId 19 from controller 0 epoch 1 for the become-leader transition for partition post_login-0 (state.change.logger)
[2018-12-02 22:46:39,179] TRACE [Controller id=0 epoch=1] Received response {error_code=0,partitions=[{topic=post_login,partition=0,error_code=0}]} for request LEADER_AND_ISR with correlation id 19 sent to broker nishtha-Inspiron-5567:9092 (id: 0 rack: null) (state.change.logger)
[2018-12-02 22:46:39,180] TRACE [Broker id=0] Cached leader info PartitionState(controllerEpoch=1, leader=0, leaderEpoch=0, isr=[0], zkVersion=0, replicas=[0], offlineReplicas=[]) for partition post_login-0 in response to UpdateMetadata request sent by controller 0 epoch 1 with correlation id 20 (state.change.logger)
[2018-12-02 22:46:39,181] TRACE [Controller id=0 epoch=1] Received response {error_code=0} for request UPDATE_METADATA with correlation id 20 sent to broker nishtha-Inspiron-5567:9092 (id: 0 rack: null) (state.change.logger)
[2018-12-02 22:46:40,660] TRACE [Controller id=0 epoch=1] Changed partition post_lyp-0 state from NonExistentPartition to NewPartition with assigned replicas 0 (state.change.logger)
[2018-12-02 22:46:40,660] TRACE [Controller id=0 epoch=1] Changed state of replica 0 for partition post_lyp-0 from NonExistentReplica to NewReplica (state.change.logger)
[2018-12-02 22:46:40,743] TRACE [Controller id=0 epoch=1] Changed partition post_lyp-0 from NewPartition to OnlinePartition with state LeaderAndIsr(leader=0, leaderEpoch=0, isr=List(0), zkVersion=0) (state.change.logger)
[2018-12-02 22:46:40,744] TRACE [Controller id=0 epoch=1] Sending become-leader LeaderAndIsr request PartitionState(controllerEpoch=1, leader=0, leaderEpoch=0, isr=0, zkVersion=0, replicas=0, isNew=true) to broker 0 for partition post_lyp-0 (state.change.logger)
[2018-12-02 22:46:40,745] TRACE [Controller id=0 epoch=1] Sending UpdateMetadata request PartitionState(controllerEpoch=1, leader=0, leaderEpoch=0, isr=[0], zkVersion=0, replicas=[0], offlineReplicas=[]) to brokers Set(0) for partition post_lyp-0 (state.change.logger)
[2018-12-02 22:46:40,746] TRACE [Controller id=0 epoch=1] Changed state of replica 0 for partition post_lyp-0 from NewReplica to OnlineReplica (state.change.logger)
[2018-12-02 22:46:40,746] TRACE [Broker id=0] Received LeaderAndIsr request PartitionState(controllerEpoch=1, leader=0, leaderEpoch=0, isr=0, zkVersion=0, replicas=0, isNew=true) correlation id 21 from controller 0 epoch 1 for partition post_lyp-0 (state.change.logger)
[2018-12-02 22:46:40,749] TRACE [Broker id=0] Handling LeaderAndIsr request correlationId 21 from controller 0 epoch 1 starting the become-leader transition for partition post_lyp-0 (state.change.logger)
[2018-12-02 22:46:40,766] TRACE [Broker id=0] Stopped fetchers as part of become-leader request from controller 0 epoch 1 with correlation id 21 for partition post_lyp-0 (last update controller epoch 1) (state.change.logger)
[2018-12-02 22:46:40,766] TRACE [Broker id=0] Completed LeaderAndIsr request correlationId 21 from controller 0 epoch 1 for the become-leader transition for partition post_lyp-0 (state.change.logger)
[2018-12-02 22:46:40,768] TRACE [Controller id=0 epoch=1] Received response {error_code=0,partitions=[{topic=post_lyp,partition=0,error_code=0}]} for request LEADER_AND_ISR with correlation id 21 sent to broker nishtha-Inspiron-5567:9092 (id: 0 rack: null) (state.change.logger)
[2018-12-02 22:46:40,770] TRACE [Broker id=0] Cached leader info PartitionState(controllerEpoch=1, leader=0, leaderEpoch=0, isr=[0], zkVersion=0, replicas=[0], offlineReplicas=[]) for partition post_lyp-0 in response to UpdateMetadata request sent by controller 0 epoch 1 with correlation id 22 (state.change.logger)
[2018-12-02 22:46:40,772] TRACE [Controller id=0 epoch=1] Received response {error_code=0} for request UPDATE_METADATA with correlation id 22 sent to broker nishtha-Inspiron-5567:9092 (id: 0 rack: null) (state.change.logger)
[2018-12-02 22:46:42,493] TRACE [Controller id=0 epoch=1] Changed partition post_ownerlogin-0 state from NonExistentPartition to NewPartition with assigned replicas 0 (state.change.logger)
[2018-12-02 22:46:42,493] TRACE [Controller id=0 epoch=1] Changed state of replica 0 for partition post_ownerlogin-0 from NonExistentReplica to NewReplica (state.change.logger)
[2018-12-02 22:46:42,561] TRACE [Controller id=0 epoch=1] Changed partition post_ownerlogin-0 from NewPartition to OnlinePartition with state LeaderAndIsr(leader=0, leaderEpoch=0, isr=List(0), zkVersion=0) (state.change.logger)
[2018-12-02 22:46:42,562] TRACE [Controller id=0 epoch=1] Sending become-leader LeaderAndIsr request PartitionState(controllerEpoch=1, leader=0, leaderEpoch=0, isr=0, zkVersion=0, replicas=0, isNew=true) to broker 0 for partition post_ownerlogin-0 (state.change.logger)
[2018-12-02 22:46:42,562] TRACE [Controller id=0 epoch=1] Sending UpdateMetadata request PartitionState(controllerEpoch=1, leader=0, leaderEpoch=0, isr=[0], zkVersion=0, replicas=[0], offlineReplicas=[]) to brokers Set(0) for partition post_ownerlogin-0 (state.change.logger)
[2018-12-02 22:46:42,564] TRACE [Controller id=0 epoch=1] Changed state of replica 0 for partition post_ownerlogin-0 from NewReplica to OnlineReplica (state.change.logger)
[2018-12-02 22:46:42,564] TRACE [Broker id=0] Received LeaderAndIsr request PartitionState(controllerEpoch=1, leader=0, leaderEpoch=0, isr=0, zkVersion=0, replicas=0, isNew=true) correlation id 23 from controller 0 epoch 1 for partition post_ownerlogin-0 (state.change.logger)
[2018-12-02 22:46:42,567] TRACE [Broker id=0] Handling LeaderAndIsr request correlationId 23 from controller 0 epoch 1 starting the become-leader transition for partition post_ownerlogin-0 (state.change.logger)
[2018-12-02 22:46:42,611] TRACE [Broker id=0] Stopped fetchers as part of become-leader request from controller 0 epoch 1 with correlation id 23 for partition post_ownerlogin-0 (last update controller epoch 1) (state.change.logger)
[2018-12-02 22:46:42,611] TRACE [Broker id=0] Completed LeaderAndIsr request correlationId 23 from controller 0 epoch 1 for the become-leader transition for partition post_ownerlogin-0 (state.change.logger)
[2018-12-02 22:46:42,613] TRACE [Controller id=0 epoch=1] Received response {error_code=0,partitions=[{topic=post_ownerlogin,partition=0,error_code=0}]} for request LEADER_AND_ISR with correlation id 23 sent to broker nishtha-Inspiron-5567:9092 (id: 0 rack: null) (state.change.logger)
[2018-12-02 22:46:42,615] TRACE [Broker id=0] Cached leader info PartitionState(controllerEpoch=1, leader=0, leaderEpoch=0, isr=[0], zkVersion=0, replicas=[0], offlineReplicas=[]) for partition post_ownerlogin-0 in response to UpdateMetadata request sent by controller 0 epoch 1 with correlation id 24 (state.change.logger)
[2018-12-02 22:46:42,616] TRACE [Controller id=0 epoch=1] Received response {error_code=0} for request UPDATE_METADATA with correlation id 24 sent to broker nishtha-Inspiron-5567:9092 (id: 0 rack: null) (state.change.logger)
[2018-12-02 22:46:44,326] TRACE [Controller id=0 epoch=1] Changed partition post_profile-0 state from NonExistentPartition to NewPartition with assigned replicas 0 (state.change.logger)
[2018-12-02 22:46:44,326] TRACE [Controller id=0 epoch=1] Changed state of replica 0 for partition post_profile-0 from NonExistentReplica to NewReplica (state.change.logger)
[2018-12-02 22:46:44,393] TRACE [Controller id=0 epoch=1] Changed partition post_profile-0 from NewPartition to OnlinePartition with state LeaderAndIsr(leader=0, leaderEpoch=0, isr=List(0), zkVersion=0) (state.change.logger)
[2018-12-02 22:46:44,393] TRACE [Controller id=0 epoch=1] Sending become-leader LeaderAndIsr request PartitionState(controllerEpoch=1, leader=0, leaderEpoch=0, isr=0, zkVersion=0, replicas=0, isNew=true) to broker 0 for partition post_profile-0 (state.change.logger)
[2018-12-02 22:46:44,394] TRACE [Controller id=0 epoch=1] Sending UpdateMetadata request PartitionState(controllerEpoch=1, leader=0, leaderEpoch=0, isr=[0], zkVersion=0, replicas=[0], offlineReplicas=[]) to brokers Set(0) for partition post_profile-0 (state.change.logger)
[2018-12-02 22:46:44,396] TRACE [Broker id=0] Received LeaderAndIsr request PartitionState(controllerEpoch=1, leader=0, leaderEpoch=0, isr=0, zkVersion=0, replicas=0, isNew=true) correlation id 25 from controller 0 epoch 1 for partition post_profile-0 (state.change.logger)
[2018-12-02 22:46:44,396] TRACE [Controller id=0 epoch=1] Changed state of replica 0 for partition post_profile-0 from NewReplica to OnlineReplica (state.change.logger)
[2018-12-02 22:46:44,398] TRACE [Broker id=0] Handling LeaderAndIsr request correlationId 25 from controller 0 epoch 1 starting the become-leader transition for partition post_profile-0 (state.change.logger)
[2018-12-02 22:46:44,433] TRACE [Broker id=0] Stopped fetchers as part of become-leader request from controller 0 epoch 1 with correlation id 25 for partition post_profile-0 (last update controller epoch 1) (state.change.logger)
[2018-12-02 22:46:44,434] TRACE [Broker id=0] Completed LeaderAndIsr request correlationId 25 from controller 0 epoch 1 for the become-leader transition for partition post_profile-0 (state.change.logger)
[2018-12-02 22:46:44,436] TRACE [Controller id=0 epoch=1] Received response {error_code=0,partitions=[{topic=post_profile,partition=0,error_code=0}]} for request LEADER_AND_ISR with correlation id 25 sent to broker nishtha-Inspiron-5567:9092 (id: 0 rack: null) (state.change.logger)
[2018-12-02 22:46:44,439] TRACE [Broker id=0] Cached leader info PartitionState(controllerEpoch=1, leader=0, leaderEpoch=0, isr=[0], zkVersion=0, replicas=[0], offlineReplicas=[]) for partition post_profile-0 in response to UpdateMetadata request sent by controller 0 epoch 1 with correlation id 26 (state.change.logger)
[2018-12-02 22:46:44,440] TRACE [Controller id=0 epoch=1] Received response {error_code=0} for request UPDATE_METADATA with correlation id 26 sent to broker nishtha-Inspiron-5567:9092 (id: 0 rack: null) (state.change.logger)
[2018-12-02 22:46:46,195] TRACE [Controller id=0 epoch=1] Changed partition post_sendmessage-0 state from NonExistentPartition to NewPartition with assigned replicas 0 (state.change.logger)
[2018-12-02 22:46:46,196] TRACE [Controller id=0 epoch=1] Changed state of replica 0 for partition post_sendmessage-0 from NonExistentReplica to NewReplica (state.change.logger)
[2018-12-02 22:46:46,602] TRACE [Controller id=0 epoch=1] Changed partition post_sendmessage-0 from NewPartition to OnlinePartition with state LeaderAndIsr(leader=0, leaderEpoch=0, isr=List(0), zkVersion=0) (state.change.logger)
[2018-12-02 22:46:46,602] TRACE [Controller id=0 epoch=1] Sending become-leader LeaderAndIsr request PartitionState(controllerEpoch=1, leader=0, leaderEpoch=0, isr=0, zkVersion=0, replicas=0, isNew=true) to broker 0 for partition post_sendmessage-0 (state.change.logger)
[2018-12-02 22:46:46,603] TRACE [Controller id=0 epoch=1] Sending UpdateMetadata request PartitionState(controllerEpoch=1, leader=0, leaderEpoch=0, isr=[0], zkVersion=0, replicas=[0], offlineReplicas=[]) to brokers Set(0) for partition post_sendmessage-0 (state.change.logger)
[2018-12-02 22:46:46,604] TRACE [Controller id=0 epoch=1] Changed state of replica 0 for partition post_sendmessage-0 from NewReplica to OnlineReplica (state.change.logger)
[2018-12-02 22:46:46,605] TRACE [Broker id=0] Received LeaderAndIsr request PartitionState(controllerEpoch=1, leader=0, leaderEpoch=0, isr=0, zkVersion=0, replicas=0, isNew=true) correlation id 27 from controller 0 epoch 1 for partition post_sendmessage-0 (state.change.logger)
[2018-12-02 22:46:46,608] TRACE [Broker id=0] Handling LeaderAndIsr request correlationId 27 from controller 0 epoch 1 starting the become-leader transition for partition post_sendmessage-0 (state.change.logger)
[2018-12-02 22:46:46,644] TRACE [Broker id=0] Stopped fetchers as part of become-leader request from controller 0 epoch 1 with correlation id 27 for partition post_sendmessage-0 (last update controller epoch 1) (state.change.logger)
[2018-12-02 22:46:46,644] TRACE [Broker id=0] Completed LeaderAndIsr request correlationId 27 from controller 0 epoch 1 for the become-leader transition for partition post_sendmessage-0 (state.change.logger)
[2018-12-02 22:46:46,646] TRACE [Controller id=0 epoch=1] Received response {error_code=0,partitions=[{topic=post_sendmessage,partition=0,error_code=0}]} for request LEADER_AND_ISR with correlation id 27 sent to broker nishtha-Inspiron-5567:9092 (id: 0 rack: null) (state.change.logger)
[2018-12-02 22:46:46,648] TRACE [Broker id=0] Cached leader info PartitionState(controllerEpoch=1, leader=0, leaderEpoch=0, isr=[0], zkVersion=0, replicas=[0], offlineReplicas=[]) for partition post_sendmessage-0 in response to UpdateMetadata request sent by controller 0 epoch 1 with correlation id 28 (state.change.logger)
[2018-12-02 22:46:46,651] TRACE [Controller id=0 epoch=1] Received response {error_code=0} for request UPDATE_METADATA with correlation id 28 sent to broker nishtha-Inspiron-5567:9092 (id: 0 rack: null) (state.change.logger)
[2018-12-02 22:46:48,654] TRACE [Controller id=0 epoch=1] Changed partition post_signup-0 state from NonExistentPartition to NewPartition with assigned replicas 0 (state.change.logger)
[2018-12-02 22:46:48,655] TRACE [Controller id=0 epoch=1] Changed state of replica 0 for partition post_signup-0 from NonExistentReplica to NewReplica (state.change.logger)
[2018-12-02 22:46:48,730] TRACE [Controller id=0 epoch=1] Changed partition post_signup-0 from NewPartition to OnlinePartition with state LeaderAndIsr(leader=0, leaderEpoch=0, isr=List(0), zkVersion=0) (state.change.logger)
[2018-12-02 22:46:48,730] TRACE [Controller id=0 epoch=1] Sending become-leader LeaderAndIsr request PartitionState(controllerEpoch=1, leader=0, leaderEpoch=0, isr=0, zkVersion=0, replicas=0, isNew=true) to broker 0 for partition post_signup-0 (state.change.logger)
[2018-12-02 22:46:48,731] TRACE [Controller id=0 epoch=1] Sending UpdateMetadata request PartitionState(controllerEpoch=1, leader=0, leaderEpoch=0, isr=[0], zkVersion=0, replicas=[0], offlineReplicas=[]) to brokers Set(0) for partition post_signup-0 (state.change.logger)
[2018-12-02 22:46:48,731] TRACE [Controller id=0 epoch=1] Changed state of replica 0 for partition post_signup-0 from NewReplica to OnlineReplica (state.change.logger)
[2018-12-02 22:46:48,732] TRACE [Broker id=0] Received LeaderAndIsr request PartitionState(controllerEpoch=1, leader=0, leaderEpoch=0, isr=0, zkVersion=0, replicas=0, isNew=true) correlation id 29 from controller 0 epoch 1 for partition post_signup-0 (state.change.logger)
[2018-12-02 22:46:48,735] TRACE [Broker id=0] Handling LeaderAndIsr request correlationId 29 from controller 0 epoch 1 starting the become-leader transition for partition post_signup-0 (state.change.logger)
[2018-12-02 22:46:48,750] TRACE [Broker id=0] Stopped fetchers as part of become-leader request from controller 0 epoch 1 with correlation id 29 for partition post_signup-0 (last update controller epoch 1) (state.change.logger)
[2018-12-02 22:46:48,750] TRACE [Broker id=0] Completed LeaderAndIsr request correlationId 29 from controller 0 epoch 1 for the become-leader transition for partition post_signup-0 (state.change.logger)
[2018-12-02 22:46:48,753] TRACE [Controller id=0 epoch=1] Received response {error_code=0,partitions=[{topic=post_signup,partition=0,error_code=0}]} for request LEADER_AND_ISR with correlation id 29 sent to broker nishtha-Inspiron-5567:9092 (id: 0 rack: null) (state.change.logger)
[2018-12-02 22:46:48,754] TRACE [Broker id=0] Cached leader info PartitionState(controllerEpoch=1, leader=0, leaderEpoch=0, isr=[0], zkVersion=0, replicas=[0], offlineReplicas=[]) for partition post_signup-0 in response to UpdateMetadata request sent by controller 0 epoch 1 with correlation id 30 (state.change.logger)
[2018-12-02 22:46:48,755] TRACE [Controller id=0 epoch=1] Received response {error_code=0} for request UPDATE_METADATA with correlation id 30 sent to broker nishtha-Inspiron-5567:9092 (id: 0 rack: null) (state.change.logger)
[2018-12-02 22:46:51,052] TRACE [Controller id=0 epoch=1] Changed partition response_topic-0 state from NonExistentPartition to NewPartition with assigned replicas 0 (state.change.logger)
[2018-12-02 22:46:51,052] TRACE [Controller id=0 epoch=1] Changed state of replica 0 for partition response_topic-0 from NonExistentReplica to NewReplica (state.change.logger)
[2018-12-02 22:46:51,119] TRACE [Controller id=0 epoch=1] Changed partition response_topic-0 from NewPartition to OnlinePartition with state LeaderAndIsr(leader=0, leaderEpoch=0, isr=List(0), zkVersion=0) (state.change.logger)
[2018-12-02 22:46:51,119] TRACE [Controller id=0 epoch=1] Sending become-leader LeaderAndIsr request PartitionState(controllerEpoch=1, leader=0, leaderEpoch=0, isr=0, zkVersion=0, replicas=0, isNew=true) to broker 0 for partition response_topic-0 (state.change.logger)
[2018-12-02 22:46:51,119] TRACE [Controller id=0 epoch=1] Sending UpdateMetadata request PartitionState(controllerEpoch=1, leader=0, leaderEpoch=0, isr=[0], zkVersion=0, replicas=[0], offlineReplicas=[]) to brokers Set(0) for partition response_topic-0 (state.change.logger)
[2018-12-02 22:46:51,119] TRACE [Controller id=0 epoch=1] Changed state of replica 0 for partition response_topic-0 from NewReplica to OnlineReplica (state.change.logger)
[2018-12-02 22:46:51,120] TRACE [Broker id=0] Received LeaderAndIsr request PartitionState(controllerEpoch=1, leader=0, leaderEpoch=0, isr=0, zkVersion=0, replicas=0, isNew=true) correlation id 31 from controller 0 epoch 1 for partition response_topic-0 (state.change.logger)
[2018-12-02 22:46:51,121] TRACE [Broker id=0] Handling LeaderAndIsr request correlationId 31 from controller 0 epoch 1 starting the become-leader transition for partition response_topic-0 (state.change.logger)
[2018-12-02 22:46:51,127] TRACE [Broker id=0] Stopped fetchers as part of become-leader request from controller 0 epoch 1 with correlation id 31 for partition response_topic-0 (last update controller epoch 1) (state.change.logger)
[2018-12-02 22:46:51,127] TRACE [Broker id=0] Completed LeaderAndIsr request correlationId 31 from controller 0 epoch 1 for the become-leader transition for partition response_topic-0 (state.change.logger)
[2018-12-02 22:46:51,128] TRACE [Controller id=0 epoch=1] Received response {error_code=0,partitions=[{topic=response_topic,partition=0,error_code=0}]} for request LEADER_AND_ISR with correlation id 31 sent to broker nishtha-Inspiron-5567:9092 (id: 0 rack: null) (state.change.logger)
[2018-12-02 22:46:51,129] TRACE [Broker id=0] Cached leader info PartitionState(controllerEpoch=1, leader=0, leaderEpoch=0, isr=[0], zkVersion=0, replicas=[0], offlineReplicas=[]) for partition response_topic-0 in response to UpdateMetadata request sent by controller 0 epoch 1 with correlation id 32 (state.change.logger)
[2018-12-02 22:46:51,130] TRACE [Controller id=0 epoch=1] Received response {error_code=0} for request UPDATE_METADATA with correlation id 32 sent to broker nishtha-Inspiron-5567:9092 (id: 0 rack: null) (state.change.logger)
[2018-12-02 22:46:53,227] TRACE [Controller id=0 epoch=1] Changed partition get_transaction_history-0 state from NonExistentPartition to NewPartition with assigned replicas 0 (state.change.logger)
[2018-12-02 22:46:53,227] TRACE [Controller id=0 epoch=1] Changed state of replica 0 for partition get_transaction_history-0 from NonExistentReplica to NewReplica (state.change.logger)
[2018-12-02 22:46:53,296] TRACE [Controller id=0 epoch=1] Changed partition get_transaction_history-0 from NewPartition to OnlinePartition with state LeaderAndIsr(leader=0, leaderEpoch=0, isr=List(0), zkVersion=0) (state.change.logger)
[2018-12-02 22:46:53,296] TRACE [Controller id=0 epoch=1] Sending become-leader LeaderAndIsr request PartitionState(controllerEpoch=1, leader=0, leaderEpoch=0, isr=0, zkVersion=0, replicas=0, isNew=true) to broker 0 for partition get_transaction_history-0 (state.change.logger)
[2018-12-02 22:46:53,296] TRACE [Controller id=0 epoch=1] Sending UpdateMetadata request PartitionState(controllerEpoch=1, leader=0, leaderEpoch=0, isr=[0], zkVersion=0, replicas=[0], offlineReplicas=[]) to brokers Set(0) for partition get_transaction_history-0 (state.change.logger)
[2018-12-02 22:46:53,297] TRACE [Controller id=0 epoch=1] Changed state of replica 0 for partition get_transaction_history-0 from NewReplica to OnlineReplica (state.change.logger)
[2018-12-02 22:46:53,298] TRACE [Broker id=0] Received LeaderAndIsr request PartitionState(controllerEpoch=1, leader=0, leaderEpoch=0, isr=0, zkVersion=0, replicas=0, isNew=true) correlation id 33 from controller 0 epoch 1 for partition get_transaction_history-0 (state.change.logger)
[2018-12-02 22:46:53,300] TRACE [Broker id=0] Handling LeaderAndIsr request correlationId 33 from controller 0 epoch 1 starting the become-leader transition for partition get_transaction_history-0 (state.change.logger)
[2018-12-02 22:46:53,316] TRACE [Broker id=0] Stopped fetchers as part of become-leader request from controller 0 epoch 1 with correlation id 33 for partition get_transaction_history-0 (last update controller epoch 1) (state.change.logger)
[2018-12-02 22:46:53,317] TRACE [Broker id=0] Completed LeaderAndIsr request correlationId 33 from controller 0 epoch 1 for the become-leader transition for partition get_transaction_history-0 (state.change.logger)
[2018-12-02 22:46:53,319] TRACE [Controller id=0 epoch=1] Received response {error_code=0,partitions=[{topic=get_transaction_history,partition=0,error_code=0}]} for request LEADER_AND_ISR with correlation id 33 sent to broker nishtha-Inspiron-5567:9092 (id: 0 rack: null) (state.change.logger)
[2018-12-02 22:46:53,321] TRACE [Broker id=0] Cached leader info PartitionState(controllerEpoch=1, leader=0, leaderEpoch=0, isr=[0], zkVersion=0, replicas=[0], offlineReplicas=[]) for partition get_transaction_history-0 in response to UpdateMetadata request sent by controller 0 epoch 1 with correlation id 34 (state.change.logger)
[2018-12-02 22:46:53,322] TRACE [Controller id=0 epoch=1] Received response {error_code=0} for request UPDATE_METADATA with correlation id 34 sent to broker nishtha-Inspiron-5567:9092 (id: 0 rack: null) (state.change.logger)
[2018-12-02 22:46:55,346] TRACE [Controller id=0 epoch=1] Changed partition post_buyproperty-0 state from NonExistentPartition to NewPartition with assigned replicas 0 (state.change.logger)
[2018-12-02 22:46:55,346] TRACE [Controller id=0 epoch=1] Changed state of replica 0 for partition post_buyproperty-0 from NonExistentReplica to NewReplica (state.change.logger)
[2018-12-02 22:46:55,424] TRACE [Controller id=0 epoch=1] Changed partition post_buyproperty-0 from NewPartition to OnlinePartition with state LeaderAndIsr(leader=0, leaderEpoch=0, isr=List(0), zkVersion=0) (state.change.logger)
[2018-12-02 22:46:55,424] TRACE [Controller id=0 epoch=1] Sending become-leader LeaderAndIsr request PartitionState(controllerEpoch=1, leader=0, leaderEpoch=0, isr=0, zkVersion=0, replicas=0, isNew=true) to broker 0 for partition post_buyproperty-0 (state.change.logger)
[2018-12-02 22:46:55,425] TRACE [Controller id=0 epoch=1] Sending UpdateMetadata request PartitionState(controllerEpoch=1, leader=0, leaderEpoch=0, isr=[0], zkVersion=0, replicas=[0], offlineReplicas=[]) to brokers Set(0) for partition post_buyproperty-0 (state.change.logger)
[2018-12-02 22:46:55,426] TRACE [Controller id=0 epoch=1] Changed state of replica 0 for partition post_buyproperty-0 from NewReplica to OnlineReplica (state.change.logger)
[2018-12-02 22:46:55,427] TRACE [Broker id=0] Received LeaderAndIsr request PartitionState(controllerEpoch=1, leader=0, leaderEpoch=0, isr=0, zkVersion=0, replicas=0, isNew=true) correlation id 35 from controller 0 epoch 1 for partition post_buyproperty-0 (state.change.logger)
[2018-12-02 22:46:55,429] TRACE [Broker id=0] Handling LeaderAndIsr request correlationId 35 from controller 0 epoch 1 starting the become-leader transition for partition post_buyproperty-0 (state.change.logger)
[2018-12-02 22:46:55,464] TRACE [Broker id=0] Stopped fetchers as part of become-leader request from controller 0 epoch 1 with correlation id 35 for partition post_buyproperty-0 (last update controller epoch 1) (state.change.logger)
[2018-12-02 22:46:55,464] TRACE [Broker id=0] Completed LeaderAndIsr request correlationId 35 from controller 0 epoch 1 for the become-leader transition for partition post_buyproperty-0 (state.change.logger)
[2018-12-02 22:46:55,466] TRACE [Controller id=0 epoch=1] Received response {error_code=0,partitions=[{topic=post_buyproperty,partition=0,error_code=0}]} for request LEADER_AND_ISR with correlation id 35 sent to broker nishtha-Inspiron-5567:9092 (id: 0 rack: null) (state.change.logger)
[2018-12-02 22:46:55,469] TRACE [Broker id=0] Cached leader info PartitionState(controllerEpoch=1, leader=0, leaderEpoch=0, isr=[0], zkVersion=0, replicas=[0], offlineReplicas=[]) for partition post_buyproperty-0 in response to UpdateMetadata request sent by controller 0 epoch 1 with correlation id 36 (state.change.logger)
[2018-12-02 22:46:55,470] TRACE [Controller id=0 epoch=1] Received response {error_code=0} for request UPDATE_METADATA with correlation id 36 sent to broker nishtha-Inspiron-5567:9092 (id: 0 rack: null) (state.change.logger)
